2025-12-11 17:44:09,240 [INFO] crash_logger: ================================================================================
2025-12-11 17:44:09,240 [INFO] crash_logger: 应用启动 - 2025-12-11 17:44:09
2025-12-11 17:44:09,240 [INFO] crash_logger: Python 版本: 3.10.4 (main, Dec  9 2025, 05:13:55) [Clang 15.0.0 (clang-1500.3.9.4)]
2025-12-11 17:44:09,240 [INFO] crash_logger: 日志文件: /Users/tingting/Library/Application Support/ai-perf/logs/crash_20251211_174409.log
2025-12-11 17:44:09,240 [INFO] crash_logger: ================================================================================
2025-12-11 17:44:09,241 [INFO] crash_logger: 日志保留时长：1 小时
2025-12-11 17:44:09,247 [INFO] crash_logger: 初始化 QApplication...
2025-12-11 17:44:09,484 [INFO] crash_logger: QApplication 初始化成功
2025-12-11 17:44:09,484 [INFO] crash_logger: 应用主题...
2025-12-11 17:44:09,504 [INFO] crash_logger: 主题应用成功
2025-12-11 17:44:09,504 [INFO] crash_logger: 创建主窗口...
2025-12-11 17:44:09,764 [DEBUG] httpcore.connection: connect_tcp.started host='api-perf.sanying.site' port=443 local_address=None timeout=15 socket_options=None
2025-12-11 17:44:09,764 [DEBUG] httpcore.connection: connect_tcp.started host='api-perf.sanying.site' port=443 local_address=None timeout=15 socket_options=None
2025-12-11 17:44:09,778 [DEBUG] httpcore.connection: connect_tcp.complete return_value=<httpcore._backends.sync.SyncStream object at 0x1403e3e50>
2025-12-11 17:44:09,778 [DEBUG] httpcore.connection: connect_tcp.complete return_value=<httpcore._backends.sync.SyncStream object at 0x140504bb0>
2025-12-11 17:44:09,778 [DEBUG] httpcore.connection: start_tls.started ssl_context=<ssl.SSLContext object at 0x107b4f940> server_hostname='api-perf.sanying.site' timeout=15
2025-12-11 17:44:09,778 [DEBUG] httpcore.connection: start_tls.started ssl_context=<ssl.SSLContext object at 0x1403b23c0> server_hostname='api-perf.sanying.site' timeout=15
2025-12-11 17:44:09,938 [DEBUG] httpcore.connection: connect_tcp.started host='api-perf.sanying.site' port=443 local_address=None timeout=10 socket_options=None
2025-12-11 17:44:10,117 [WARNING] qt_logger: [Qt Warning] Populating font family aliases took 173 ms. Replace uses of missing font family "Microsoft YaHei" with one that exists to avoid this cost. 
2025-12-11 17:44:10,117 [DEBUG] httpcore.connection: connect_tcp.complete return_value=<httpcore._backends.sync.SyncStream object at 0x143ed7c70>
2025-12-11 17:44:10,137 [DEBUG] httpcore.connection: start_tls.started ssl_context=<ssl.SSLContext object at 0x143d65640> server_hostname='api-perf.sanying.site' timeout=10
2025-12-11 17:44:10,192 [DEBUG] httpcore.connection: start_tls.complete return_value=<httpcore._backends.sync.SyncStream object at 0x140504880>
2025-12-11 17:44:10,192 [DEBUG] httpcore.http11: send_request_headers.started request=<Request [b'GET']>
2025-12-11 17:44:10,192 [DEBUG] httpcore.http11: send_request_headers.complete
2025-12-11 17:44:10,192 [DEBUG] httpcore.http11: send_request_body.started request=<Request [b'GET']>
2025-12-11 17:44:10,192 [DEBUG] httpcore.http11: send_request_body.complete
2025-12-11 17:44:10,192 [DEBUG] httpcore.http11: receive_response_headers.started request=<Request [b'GET']>
2025-12-11 17:44:10,199 [DEBUG] httpcore.connection: connect_tcp.started host='api-perf.sanying.site' port=443 local_address=None timeout=15 socket_options=None
2025-12-11 17:44:10,221 [INFO] crash_logger: 主窗口创建并显示成功
2025-12-11 17:44:10,221 [DEBUG] httpcore.connection: connect_tcp.complete return_value=<httpcore._backends.sync.SyncStream object at 0x17c834eb0>
2025-12-11 17:44:10,221 [INFO] crash_logger: 启动应用主循环...
2025-12-11 17:44:10,221 [DEBUG] httpcore.connection: start_tls.started ssl_context=<ssl.SSLContext object at 0x107b4f0c0> server_hostname='api-perf.sanying.site' timeout=15
2025-12-11 17:44:10,322 [DEBUG] httpcore.connection: connect_tcp.started host='api-perf.sanying.site' port=443 local_address=None timeout=15 socket_options=None
2025-12-11 17:44:10,327 [DEBUG] httpcore.connection: connect_tcp.complete return_value=<httpcore._backends.sync.SyncStream object at 0x17c835e10>
2025-12-11 17:44:10,327 [DEBUG] httpcore.connection: start_tls.started ssl_context=<ssl.SSLContext object at 0x107b4f140> server_hostname='api-perf.sanying.site' timeout=15
2025-12-11 17:44:10,428 [DEBUG] httpcore.connection: start_tls.complete return_value=<httpcore._backends.sync.SyncStream object at 0x143ed7940>
2025-12-11 17:44:10,428 [DEBUG] httpcore.http11: send_request_headers.started request=<Request [b'GET']>
2025-12-11 17:44:10,428 [DEBUG] httpcore.http11: send_request_headers.complete
2025-12-11 17:44:10,428 [DEBUG] httpcore.http11: send_request_body.started request=<Request [b'GET']>
2025-12-11 17:44:10,428 [DEBUG] httpcore.http11: send_request_body.complete
2025-12-11 17:44:10,428 [DEBUG] httpcore.http11: receive_response_headers.started request=<Request [b'GET']>
2025-12-11 17:44:10,469 [DEBUG] httpcore.http11: receive_response_headers.complete return_value=(b'HTTP/1.1', 200, b'OK', [(b'Date', b'Thu, 11 Dec 2025 09:44:10 GMT'), (b'Content-Type', b'application/json'), (b'Transfer-Encoding', b'chunked'), (b'Connection', b'keep-alive'), (b'Server', b'cloudflare'), (b'cf-cache-status', b'DYNAMIC'), (b'Nel', b'{"report_to":"cf-nel","success_fraction":0.0,"max_age":604800}'), (b'Report-To', b'{"group":"cf-nel","max_age":604800,"endpoints":[{"url":"https://a.nel.cloudflare.com/report/v4?s=Ig7R50CEhS1hxGjsSS%2FzGbfAccDUArCxxmFHchXXV3rp9oIv5omPazKSccu%2BU%2BLVimq%2BybwM22bWL0GN91R9c4aqh6nrWW7nrD2g9WoniwM4qb8%3D"}]}'), (b'Content-Encoding', b'br'), (b'CF-RAY', b'9ac40ab86e98f5ee-AMS'), (b'alt-svc', b'h3=":443"; ma=86400')])
2025-12-11 17:44:10,469 [INFO] httpx: HTTP Request: GET https://api-perf.sanying.site/api/latest_score "HTTP/1.1 200 OK"
2025-12-11 17:44:10,470 [DEBUG] httpcore.http11: receive_response_body.started request=<Request [b'GET']>
2025-12-11 17:44:10,471 [DEBUG] httpcore.http11: receive_response_body.complete
2025-12-11 17:44:10,471 [DEBUG] httpcore.http11: response_closed.started
2025-12-11 17:44:10,471 [DEBUG] httpcore.http11: response_closed.complete
2025-12-11 17:44:10,471 [DEBUG] httpcore.connection: close.started
2025-12-11 17:44:10,472 [DEBUG] httpcore.connection: close.complete
2025-12-11 17:44:10,516 [DEBUG] httpcore.connection: connect_tcp.started host='api-perf.sanying.site' port=443 local_address=None timeout=15 socket_options=None
2025-12-11 17:44:10,520 [DEBUG] httpcore.connection: connect_tcp.complete return_value=<httpcore._backends.sync.SyncStream object at 0x17c8370a0>
2025-12-11 17:44:10,520 [DEBUG] httpcore.connection: start_tls.started ssl_context=<ssl.SSLContext object at 0x107b4ed40> server_hostname='api-perf.sanying.site' timeout=15
2025-12-11 17:44:10,577 [DEBUG] httpcore.connection: start_tls.complete return_value=<httpcore._backends.sync.SyncStream object at 0x1405051b0>
2025-12-11 17:44:10,577 [DEBUG] httpcore.http11: send_request_headers.started request=<Request [b'GET']>
2025-12-11 17:44:10,578 [DEBUG] httpcore.http11: send_request_headers.complete
2025-12-11 17:44:10,578 [DEBUG] httpcore.http11: send_request_body.started request=<Request [b'GET']>
2025-12-11 17:44:10,578 [DEBUG] httpcore.http11: send_request_body.complete
2025-12-11 17:44:10,578 [DEBUG] httpcore.http11: receive_response_headers.started request=<Request [b'GET']>
2025-12-11 17:44:10,700 [DEBUG] httpcore.http11: receive_response_headers.complete return_value=(b'HTTP/1.1', 200, b'OK', [(b'Date', b'Thu, 11 Dec 2025 09:44:10 GMT'), (b'Content-Type', b'application/json'), (b'Transfer-Encoding', b'chunked'), (b'Connection', b'keep-alive'), (b'Server', b'cloudflare'), (b'cf-cache-status', b'DYNAMIC'), (b'Nel', b'{"report_to":"cf-nel","success_fraction":0.0,"max_age":604800}'), (b'Report-To', b'{"group":"cf-nel","max_age":604800,"endpoints":[{"url":"https://a.nel.cloudflare.com/report/v4?s=qURGeXNlWDVqoFqRaRC9BuApPCZjQLW2BR87lldn%2BYhkOGOt6IxmyPyInnnEAnmKfCixc9WFOmnUBOLsdJQL94hB15jb4x8aEMeAMYF9K3SNKhg%3D"}]}'), (b'Content-Encoding', b'br'), (b'CF-RAY', b'9ac40ab9dc78f5b4-AMS'), (b'alt-svc', b'h3=":443"; ma=86400')])
2025-12-11 17:44:10,701 [INFO] httpx: HTTP Request: GET https://api-perf.sanying.site/api/health?current_version=1.1.0 "HTTP/1.1 200 OK"
2025-12-11 17:44:10,701 [DEBUG] httpcore.http11: receive_response_body.started request=<Request [b'GET']>
2025-12-11 17:44:10,706 [DEBUG] httpcore.connection: start_tls.complete return_value=<httpcore._backends.sync.SyncStream object at 0x17c834b80>
2025-12-11 17:44:10,707 [DEBUG] httpcore.http11: receive_response_body.complete
2025-12-11 17:44:10,707 [DEBUG] httpcore.http11: send_request_headers.started request=<Request [b'GET']>
2025-12-11 17:44:10,707 [DEBUG] httpcore.http11: response_closed.started
2025-12-11 17:44:10,712 [DEBUG] httpcore.http11: response_closed.complete
2025-12-11 17:44:10,718 [DEBUG] httpcore.connection: close.started
2025-12-11 17:44:10,718 [DEBUG] httpcore.http11: send_request_headers.complete
2025-12-11 17:44:10,718 [DEBUG] httpcore.http11: send_request_body.started request=<Request [b'GET']>
2025-12-11 17:44:10,718 [DEBUG] httpcore.connection: close.complete
2025-12-11 17:44:10,718 [DEBUG] httpcore.http11: send_request_body.complete
2025-12-11 17:44:10,718 [DEBUG] httpcore.http11: receive_response_headers.started request=<Request [b'GET']>
2025-12-11 17:44:10,792 [DEBUG] httpcore.connection: start_tls.complete return_value=<httpcore._backends.sync.SyncStream object at 0x17c835ae0>
2025-12-11 17:44:10,792 [DEBUG] httpcore.http11: send_request_headers.started request=<Request [b'GET']>
2025-12-11 17:44:10,792 [DEBUG] httpcore.http11: send_request_headers.complete
2025-12-11 17:44:10,792 [DEBUG] httpcore.http11: send_request_body.started request=<Request [b'GET']>
2025-12-11 17:44:10,792 [DEBUG] httpcore.http11: send_request_body.complete
2025-12-11 17:44:10,793 [DEBUG] httpcore.http11: receive_response_headers.started request=<Request [b'GET']>
2025-12-11 17:44:10,853 [INFO] windows.airdrop_view: [AirDropView] initial layout: bg_top=229, list_top=10, bg_height=140, list_height=207, window_height=369
2025-12-11 17:44:10,853 [INFO] windows.airdrop_view: [AirDropView] devices_min_height set to 207
2025-12-11 17:44:10,857 [DEBUG] httpcore.connection: connect_tcp.started host='api-perf.sanying.site' port=443 local_address=None timeout=15 socket_options=None
2025-12-11 17:44:10,860 [DEBUG] httpcore.http11: receive_response_headers.complete return_value=(b'HTTP/1.1', 200, b'OK', [(b'Date', b'Thu, 11 Dec 2025 09:44:10 GMT'), (b'Content-Type', b'application/json'), (b'Transfer-Encoding', b'chunked'), (b'Connection', b'keep-alive'), (b'Server', b'cloudflare'), (b'cf-cache-status', b'DYNAMIC'), (b'Nel', b'{"report_to":"cf-nel","success_fraction":0.0,"max_age":604800}'), (b'Report-To', b'{"group":"cf-nel","max_age":604800,"endpoints":[{"url":"https://a.nel.cloudflare.com/report/v4?s=8XP%2BuJ9TeSufvdzFDsN9g48rHpqAcayahKAeG%2B9qoHl3PX4w1YZOlkPnND0CYgl2IpOwP8jaPNllXGf8AYcQ%2Fc5%2F6ziCEY5v0mWdqqcGbhm6%2BIgNKw%3D%3D"}]}'), (b'Content-Encoding', b'br'), (b'CF-RAY', b'9ac40abadf8796f8-AMS'), (b'alt-svc', b'h3=":443"; ma=86400')])
2025-12-11 17:44:10,861 [INFO] httpx: HTTP Request: GET https://api-perf.sanying.site/api/team_leader_info "HTTP/1.1 200 OK"
2025-12-11 17:44:10,861 [DEBUG] httpcore.http11: receive_response_body.started request=<Request [b'GET']>
2025-12-11 17:44:10,862 [DEBUG] httpcore.connection: connect_tcp.complete return_value=<httpcore._backends.sync.SyncStream object at 0x306f29000>
2025-12-11 17:44:10,862 [DEBUG] httpcore.connection: start_tls.started ssl_context=<ssl.SSLContext object at 0x17c860dc0> server_hostname='api-perf.sanying.site' timeout=15
2025-12-11 17:44:10,862 [DEBUG] httpcore.http11: receive_response_body.complete
2025-12-11 17:44:10,862 [DEBUG] httpcore.http11: response_closed.started
2025-12-11 17:44:10,862 [DEBUG] httpcore.http11: response_closed.complete
2025-12-11 17:44:10,863 [DEBUG] httpcore.connection: close.started
2025-12-11 17:44:10,863 [DEBUG] httpcore.connection: close.complete
2025-12-11 17:44:10,921 [DEBUG] httpcore.connection: start_tls.complete return_value=<httpcore._backends.sync.SyncStream object at 0x17c837070>
2025-12-11 17:44:10,922 [DEBUG] httpcore.http11: send_request_headers.started request=<Request [b'GET']>
2025-12-11 17:44:10,922 [DEBUG] httpcore.http11: send_request_headers.complete
2025-12-11 17:44:10,922 [DEBUG] httpcore.http11: send_request_body.started request=<Request [b'GET']>
2025-12-11 17:44:10,923 [DEBUG] httpcore.http11: send_request_body.complete
2025-12-11 17:44:10,923 [DEBUG] httpcore.http11: receive_response_headers.started request=<Request [b'GET']>
2025-12-11 17:44:11,027 [DEBUG] httpcore.http11: receive_response_headers.complete return_value=(b'HTTP/1.1', 200, b'OK', [(b'Date', b'Thu, 11 Dec 2025 09:44:10 GMT'), (b'Content-Type', b'application/json'), (b'Transfer-Encoding', b'chunked'), (b'Connection', b'keep-alive'), (b'Server', b'cloudflare'), (b'cf-cache-status', b'DYNAMIC'), (b'Nel', b'{"report_to":"cf-nel","success_fraction":0.0,"max_age":604800}'), (b'Report-To', b'{"group":"cf-nel","max_age":604800,"endpoints":[{"url":"https://a.nel.cloudflare.com/report/v4?s=vCWKMTL9A4phCBYG389QCYwNhF1%2Fz4BvaGRNCncs%2FA2v8loc4SFJJK%2FC2gxwWBS4Kx1ir%2FTBNilUmxU6spfdzhCYbTGhuxxktY283RJ%2BljUopJ9Idg%3D%3D"}]}'), (b'Content-Encoding', b'br'), (b'CF-RAY', b'9ac40abbd92e14bd-AMS'), (b'alt-svc', b'h3=":443"; ma=86400')])
2025-12-11 17:44:11,028 [INFO] httpx: HTTP Request: GET https://api-perf.sanying.site/api/latest_score "HTTP/1.1 200 OK"
2025-12-11 17:44:11,028 [DEBUG] httpcore.http11: receive_response_body.started request=<Request [b'GET']>
2025-12-11 17:44:11,030 [DEBUG] httpcore.http11: receive_response_body.complete
2025-12-11 17:44:11,030 [DEBUG] httpcore.http11: response_closed.started
2025-12-11 17:44:11,030 [DEBUG] httpcore.http11: response_closed.complete
2025-12-11 17:44:11,030 [DEBUG] httpcore.connection: close.started
2025-12-11 17:44:11,030 [DEBUG] httpcore.connection: close.complete
2025-12-11 17:44:11,158 [DEBUG] httpcore.http11: receive_response_headers.complete return_value=(b'HTTP/1.1', 200, b'OK', [(b'Date', b'Thu, 11 Dec 2025 09:44:11 GMT'), (b'Content-Type', b'application/json'), (b'Transfer-Encoding', b'chunked'), (b'Connection', b'keep-alive'), (b'Server', b'cloudflare'), (b'cf-cache-status', b'DYNAMIC'), (b'Nel', b'{"report_to":"cf-nel","success_fraction":0.0,"max_age":604800}'), (b'Report-To', b'{"group":"cf-nel","max_age":604800,"endpoints":[{"url":"https://a.nel.cloudflare.com/report/v4?s=e6GpOKCcIBHt3H3p5%2BEgSThRtPB82hRvTRJRwaMcdeVvWJZK3pWlPRduPid1P3rhnhD606%2BZr3sawkyUlCsLlpC4RE9e5VU4EgWU%2B9sEzqHmDFMjAQ%3D%3D"}]}'), (b'Content-Encoding', b'br'), (b'CF-RAY', b'9ac40abcebf65c3f-AMS'), (b'alt-svc', b'h3=":443"; ma=86400')])
2025-12-11 17:44:11,158 [INFO] httpx: HTTP Request: GET https://api-perf.sanying.site/api/review_status?date=2025-12-10 "HTTP/1.1 200 OK"
2025-12-11 17:44:11,158 [DEBUG] httpcore.http11: receive_response_body.started request=<Request [b'GET']>
2025-12-11 17:44:11,181 [DEBUG] httpcore.connection: connect_tcp.started host='api-perf.sanying.site' port=443 local_address=None timeout=10 socket_options=None
2025-12-11 17:44:11,189 [DEBUG] httpcore.http11: receive_response_headers.complete return_value=(b'HTTP/1.1', 200, b'OK', [(b'Date', b'Thu, 11 Dec 2025 09:44:11 GMT'), (b'Content-Type', b'application/json'), (b'Transfer-Encoding', b'chunked'), (b'Connection', b'keep-alive'), (b'Server', b'cloudflare'), (b'cf-cache-status', b'DYNAMIC'), (b'Nel', b'{"report_to":"cf-nel","success_fraction":0.0,"max_age":604800}'), (b'Report-To', b'{"group":"cf-nel","max_age":604800,"endpoints":[{"url":"https://a.nel.cloudflare.com/report/v4?s=vzsZ7jsVQ2tfscJXom2VhffM6X3jhOmAWUXJknu3r5iwWpry%2B1RjlGwWjM0SlbzmJvB0MB9PjVxpakX40mgYMyrPhv7j%2FhFnar1np6MsqaLuVmCczQ%3D%3D"}]}'), (b'Content-Encoding', b'br'), (b'CF-RAY', b'9ac40abc3ef0320a-AMS'), (b'alt-svc', b'h3=":443"; ma=86400')])
2025-12-11 17:44:11,190 [INFO] httpx: HTTP Request: GET https://api-perf.sanying.site/api/ranking "HTTP/1.1 200 OK"
2025-12-11 17:44:11,190 [DEBUG] httpcore.http11: receive_response_body.started request=<Request [b'GET']>
2025-12-11 17:44:11,190 [DEBUG] httpcore.http11: receive_response_body.complete
2025-12-11 17:44:11,190 [DEBUG] httpcore.http11: response_closed.started
2025-12-11 17:44:11,190 [DEBUG] httpcore.http11: response_closed.complete
2025-12-11 17:44:11,190 [DEBUG] httpcore.connection: close.started
2025-12-11 17:44:11,190 [DEBUG] httpcore.connection: close.complete
2025-12-11 17:44:11,374 [DEBUG] httpcore.connection: start_tls.complete return_value=<httpcore._backends.sync.SyncStream object at 0x306ea3fa0>
2025-12-11 17:44:11,375 [DEBUG] httpcore.http11: send_request_headers.started request=<Request [b'GET']>
2025-12-11 17:44:11,375 [DEBUG] httpcore.http11: send_request_headers.complete
2025-12-11 17:44:11,375 [DEBUG] httpcore.http11: send_request_body.started request=<Request [b'GET']>
2025-12-11 17:44:11,375 [DEBUG] httpcore.http11: send_request_body.complete
2025-12-11 17:44:11,375 [DEBUG] httpcore.http11: receive_response_headers.started request=<Request [b'GET']>
2025-12-11 17:44:11,690 [DEBUG] httpcore.http11: receive_response_headers.complete return_value=(b'HTTP/1.1', 200, b'OK', [(b'Date', b'Thu, 11 Dec 2025 09:44:11 GMT'), (b'Content-Type', b'application/json'), (b'Transfer-Encoding', b'chunked'), (b'Connection', b'keep-alive'), (b'Server', b'cloudflare'), (b'cf-cache-status', b'DYNAMIC'), (b'Nel', b'{"report_to":"cf-nel","success_fraction":0.0,"max_age":604800}'), (b'Report-To', b'{"group":"cf-nel","max_age":604800,"endpoints":[{"url":"https://a.nel.cloudflare.com/report/v4?s=qvJMTfPRsv9g1x90ytveHlNcQqYKUqqxV6q3AFLKLpVEtIfZMwVyzROt1oZRwOhGThfFzGxvSQmoNEDPWRIKX6sOdcxl145%2Boason9STjNA6Y5rH6A%3D%3D"}]}'), (b'Content-Encoding', b'br'), (b'CF-RAY', b'9ac40abffbaf14bd-AMS'), (b'alt-svc', b'h3=":443"; ma=86400')])
2025-12-11 17:44:11,691 [INFO] httpx: HTTP Request: GET https://api-perf.sanying.site/api/user_info "HTTP/1.1 200 OK"
2025-12-11 17:44:11,691 [DEBUG] httpcore.http11: receive_response_body.started request=<Request [b'GET']>
2025-12-11 17:44:11,691 [DEBUG] httpcore.http11: receive_response_body.complete
2025-12-11 17:44:11,691 [DEBUG] httpcore.http11: response_closed.started
2025-12-11 17:44:11,692 [DEBUG] httpcore.http11: response_closed.complete
2025-12-11 17:44:11,692 [DEBUG] httpcore.connection: close.started
2025-12-11 17:44:11,692 [DEBUG] httpcore.connection: close.complete
2025-12-11 17:44:11,759 [INFO] utils.lan_transfer.server: 文件传输服务器已启动，监听端口: 8765
2025-12-11 17:44:11,759 [INFO] utils.lan_transfer.manager: [TransferManager] Registering service: service_name=aiperf-u1022-TingtingdeMacBook-Air.local-192-168-0-128, user_id=u1022, ip=192.168.0.128, scope=all
2025-12-11 17:44:11,761 [DEBUG] asyncio: Using selector: KqueueSelector
2025-12-11 17:44:11,963 [DEBUG] httpcore.http11: receive_response_body.complete
2025-12-11 17:44:11,964 [DEBUG] httpcore.http11: response_closed.started
2025-12-11 17:44:11,964 [DEBUG] httpcore.http11: response_closed.complete
2025-12-11 17:44:11,964 [DEBUG] httpcore.connection: close.started
2025-12-11 17:44:11,964 [DEBUG] httpcore.connection: close.complete
2025-12-11 17:44:13,945 [DEBUG] httpcore.connection: connect_tcp.started host='api-perf.sanying.site' port=443 local_address=None timeout=10 socket_options=None
2025-12-11 17:44:13,986 [DEBUG] httpcore.connection: connect_tcp.started host='api-perf.sanying.site' port=443 local_address=None timeout=15 socket_options=None
2025-12-11 17:44:14,080 [DEBUG] asyncio: Using selector: KqueueSelector
2025-12-11 17:44:14,082 [INFO] utils.lan_transfer.discovery: 设备发现服务已启动
2025-12-11 17:44:14,082 [INFO] utils.lan_transfer.manager: 文件传输管理器已启动
2025-12-11 17:44:14,083 [WARNING] qt_logger: [Qt Warning] QObject::startTimer: Timers can only be used with threads started with QThread
2025-12-11 17:44:14,131 [INFO] utils.lan_transfer.discovery: [Discovery] Device found: service_name=aiperf-u1022-TingtingdeMacBook-Air.local-192-168-0-128._aiperf-transfer._tcp.local., user_id=u1022, ip=192.168.0.128, name=李婷婷
2025-12-11 17:44:14,131 [INFO] utils.lan_transfer.discovery: [Discovery] Adding new device: service_name=aiperf-u1022-TingtingdeMacBook-Air.local-192-168-0-128._aiperf-transfer._tcp.local., user_id=u1022, ip=192.168.0.128
2025-12-11 17:44:14,131 [INFO] utils.lan_transfer.discovery: [Discovery] Calling _on_device_added callback for: user_id=u1022, ip=192.168.0.128
2025-12-11 17:44:14,131 [INFO] utils.lan_transfer.manager: [TransferManager] Ignoring self device: 李婷婷 (192.168.0.128) user_id=u1022
2025-12-11 17:44:14,132 [INFO] utils.lan_transfer.discovery: 发现设备: 李婷婷 (192.168.0.128:8765)
2025-12-11 17:44:14,175 [INFO] utils.lan_transfer.discovery: [Discovery] Device found: service_name=aiperf-u1002-PC-202303212326-192-168-0-151._aiperf-transfer._tcp.local., user_id=u1002, ip=192.168.0.151, name=左大双
2025-12-11 17:44:14,175 [INFO] utils.lan_transfer.discovery: [Discovery] Adding new device: service_name=aiperf-u1002-PC-202303212326-192-168-0-151._aiperf-transfer._tcp.local., user_id=u1002, ip=192.168.0.151
2025-12-11 17:44:14,175 [INFO] utils.lan_transfer.discovery: [Discovery] Calling _on_device_added callback for: user_id=u1002, ip=192.168.0.151
2025-12-11 17:44:14,175 [INFO] utils.lan_transfer.manager: [TransferManager] Device discovered: 左大双 (192.168.0.151:8765) user_id=u1002, current_user_id=u1022, local_ip=192.168.0.128
2025-12-11 17:44:14,175 [INFO] utils.lan_transfer.discovery: 发现设备: 左大双 (192.168.0.151:8765)
2025-12-11 17:44:14,195 [INFO] utils.lan_transfer.discovery: [Discovery] Device found: service_name=aiperf-u1019-xiaozhangdeMacBook-Air.local-192-168-0-150._aiperf-transfer._tcp.local., user_id=u1019, ip=192.168.0.150, name=章志豪
2025-12-11 17:44:14,195 [INFO] utils.lan_transfer.discovery: [Discovery] Adding new device: service_name=aiperf-u1019-xiaozhangdeMacBook-Air.local-192-168-0-150._aiperf-transfer._tcp.local., user_id=u1019, ip=192.168.0.150
2025-12-11 17:44:14,195 [INFO] utils.lan_transfer.discovery: [Discovery] Calling _on_device_added callback for: user_id=u1019, ip=192.168.0.150
2025-12-11 17:44:14,195 [INFO] utils.lan_transfer.manager: [TransferManager] Device discovered: 章志豪 (192.168.0.150:8765) user_id=u1019, current_user_id=u1022, local_ip=192.168.0.128
2025-12-11 17:44:14,195 [INFO] utils.lan_transfer.discovery: 发现设备: 章志豪 (192.168.0.150:8765)
2025-12-11 17:44:14,196 [INFO] utils.lan_transfer.discovery: [Discovery] Device found: service_name=aiperf-u1008-DESKTOP-4BVG6JG-192-168-0-141._aiperf-transfer._tcp.local., user_id=u1008, ip=192.168.0.141, name=杨彬
2025-12-11 17:44:14,196 [INFO] utils.lan_transfer.discovery: [Discovery] Adding new device: service_name=aiperf-u1008-DESKTOP-4BVG6JG-192-168-0-141._aiperf-transfer._tcp.local., user_id=u1008, ip=192.168.0.141
2025-12-11 17:44:14,196 [INFO] utils.lan_transfer.discovery: [Discovery] Calling _on_device_added callback for: user_id=u1008, ip=192.168.0.141
2025-12-11 17:44:14,196 [INFO] utils.lan_transfer.manager: [TransferManager] Device discovered: 杨彬 (192.168.0.141:8765) user_id=u1008, current_user_id=u1022, local_ip=192.168.0.128
2025-12-11 17:44:14,196 [INFO] utils.lan_transfer.discovery: 发现设备: 杨彬 (192.168.0.141:8765)
2025-12-11 17:44:14,995 [DEBUG] httpcore.connection: connect_tcp.complete return_value=<httpcore._backends.sync.SyncStream object at 0x306f2b220>
2025-12-11 17:44:14,995 [DEBUG] httpcore.connection: start_tls.started ssl_context=<ssl.SSLContext object at 0x31131d3c0> server_hostname='api-perf.sanying.site' timeout=15
2025-12-11 17:44:15,511 [DEBUG] httpcore.connection: start_tls.complete return_value=<httpcore._backends.sync.SyncStream object at 0x306f2b1f0>
2025-12-11 17:44:15,511 [DEBUG] httpcore.http11: send_request_headers.started request=<Request [b'GET']>
2025-12-11 17:44:15,512 [DEBUG] httpcore.http11: send_request_headers.complete
2025-12-11 17:44:15,512 [DEBUG] httpcore.http11: send_request_body.started request=<Request [b'GET']>
2025-12-11 17:44:15,512 [DEBUG] httpcore.http11: send_request_body.complete
2025-12-11 17:44:15,512 [DEBUG] httpcore.http11: receive_response_headers.started request=<Request [b'GET']>
2025-12-11 17:44:15,912 [DEBUG] httpcore.http11: receive_response_headers.complete return_value=(b'HTTP/1.1', 200, b'OK', [(b'Date', b'Thu, 11 Dec 2025 09:44:15 GMT'), (b'Content-Type', b'application/json'), (b'Transfer-Encoding', b'chunked'), (b'Connection', b'keep-alive'), (b'Server', b'cloudflare'), (b'cf-cache-status', b'DYNAMIC'), (b'Nel', b'{"report_to":"cf-nel","success_fraction":0.0,"max_age":604800}'), (b'Report-To', b'{"group":"cf-nel","max_age":604800,"endpoints":[{"url":"https://a.nel.cloudflare.com/report/v4?s=Mz6P5HcxHdh9HnPGE0r60zMqa9IyqP87PdfIDYZ0Iudb%2BcbtZ9bos9ctpK2QOdkQfxNH3YJ7HHq5YsXfhuDusJ3JkBxzf913PsPIoZOxqODfppjLbQ%3D%3D"}]}'), (b'Content-Encoding', b'br'), (b'CF-RAY', b'9ac40ad9a9300d30-AMS'), (b'alt-svc', b'h3=":443"; ma=86400')])
2025-12-11 17:44:15,913 [INFO] httpx: HTTP Request: GET https://api-perf.sanying.site/api/notifications?unread_only=true&limit=10 "HTTP/1.1 200 OK"
2025-12-11 17:44:15,913 [DEBUG] httpcore.http11: receive_response_body.started request=<Request [b'GET']>
2025-12-11 17:44:15,913 [DEBUG] httpcore.http11: receive_response_body.complete
2025-12-11 17:44:15,913 [DEBUG] httpcore.http11: response_closed.started
2025-12-11 17:44:15,913 [DEBUG] httpcore.http11: response_closed.complete
2025-12-11 17:44:15,913 [DEBUG] httpcore.connection: close.started
2025-12-11 17:44:15,913 [DEBUG] httpcore.connection: close.complete
2025-12-11 17:44:15,953 [DEBUG] httpcore.connection: connect_tcp.complete return_value=<httpcore._backends.sync.SyncStream object at 0x306f28220>
2025-12-11 17:44:15,953 [DEBUG] httpcore.connection: start_tls.started ssl_context=<ssl.SSLContext object at 0x31131d4c0> server_hostname='api-perf.sanying.site' timeout=10
2025-12-11 17:44:16,395 [DEBUG] httpcore.connection: start_tls.complete return_value=<httpcore._backends.sync.SyncStream object at 0x306f283a0>
2025-12-11 17:44:16,397 [DEBUG] httpcore.http11: send_request_headers.started request=<Request [b'GET']>
2025-12-11 17:44:16,397 [DEBUG] httpcore.http11: send_request_headers.complete
2025-12-11 17:44:16,398 [DEBUG] httpcore.http11: send_request_body.started request=<Request [b'GET']>
2025-12-11 17:44:16,398 [DEBUG] httpcore.http11: send_request_body.complete
2025-12-11 17:44:16,398 [DEBUG] httpcore.http11: receive_response_headers.started request=<Request [b'GET']>
2025-12-11 17:44:16,645 [DEBUG] httpcore.http11: receive_response_headers.complete return_value=(b'HTTP/1.1', 200, b'OK', [(b'Date', b'Thu, 11 Dec 2025 09:44:16 GMT'), (b'Content-Type', b'application/json'), (b'Transfer-Encoding', b'chunked'), (b'Connection', b'keep-alive'), (b'Server', b'cloudflare'), (b'cf-cache-status', b'DYNAMIC'), (b'Nel', b'{"report_to":"cf-nel","success_fraction":0.0,"max_age":604800}'), (b'Report-To', b'{"group":"cf-nel","max_age":604800,"endpoints":[{"url":"https://a.nel.cloudflare.com/report/v4?s=uywT34vfhjDDnp4Sd4TNOQtQMQxQ2orqvLkhBaMkczTFGgjQyWK3iJHRJznAe7L83hMuIuyyzs3TP22L1FJU6s2ahqZFAtJcP4yReQz6rLUffCYXKQ%3D%3D"}]}'), (b'Content-Encoding', b'br'), (b'CF-RAY', b'9ac40adf0c04e1fe-AMS'), (b'alt-svc', b'h3=":443"; ma=86400')])
2025-12-11 17:44:16,647 [INFO] httpx: HTTP Request: GET https://api-perf.sanying.site/api/health "HTTP/1.1 200 OK"
2025-12-11 17:44:16,647 [DEBUG] httpcore.http11: receive_response_body.started request=<Request [b'GET']>
2025-12-11 17:44:16,648 [DEBUG] httpcore.http11: receive_response_body.complete
2025-12-11 17:44:16,648 [DEBUG] httpcore.http11: response_closed.started
2025-12-11 17:44:16,648 [DEBUG] httpcore.http11: response_closed.complete
2025-12-11 17:44:16,648 [DEBUG] httpcore.connection: close.started
2025-12-11 17:44:16,648 [DEBUG] httpcore.connection: close.complete
2025-12-11 17:44:21,184 [DEBUG] httpcore.connection: connect_tcp.failed exception=ConnectTimeout(TimeoutError('timed out'))
2025-12-11 17:44:30,006 [INFO] utils.lan_transfer.discovery: 设备发现服务已停止
2025-12-11 17:44:30,433 [INFO] utils.lan_transfer.server: 文件传输服务器已停止
2025-12-11 17:44:30,433 [INFO] utils.lan_transfer.manager: 文件传输管理器已停止
2025-12-11 17:44:30,437 [INFO] crash_logger: 应用退出，退出码: 0
2025-12-11 17:44:30,437 [INFO] crash_logger: ================================================================================
2025-12-11 17:44:30,437 [INFO] crash_logger: 应用结束 - 2025-12-11 17:44:30
2025-12-11 17:44:30,437 [INFO] crash_logger: ================================================================================
