2025-12-11 17:48:16,951 [INFO] crash_logger: ================================================================================
2025-12-11 17:48:16,951 [INFO] crash_logger: 应用启动 - 2025-12-11 17:48:16
2025-12-11 17:48:16,951 [INFO] crash_logger: Python 版本: 3.10.4 (main, Dec  9 2025, 05:13:55) [Clang 15.0.0 (clang-1500.3.9.4)]
2025-12-11 17:48:16,951 [INFO] crash_logger: 日志文件: /Users/tingting/Library/Application Support/ai-perf/logs/crash_20251211_174816.log
2025-12-11 17:48:16,951 [INFO] crash_logger: ================================================================================
2025-12-11 17:48:16,951 [INFO] crash_logger: 日志保留时长：1 小时
2025-12-11 17:48:16,951 [INFO] crash_logger: 初始化 QApplication...
2025-12-11 17:48:17,079 [INFO] crash_logger: QApplication 初始化成功
2025-12-11 17:48:17,080 [INFO] crash_logger: 应用主题...
2025-12-11 17:48:17,089 [INFO] crash_logger: 主题应用成功
2025-12-11 17:48:17,089 [INFO] crash_logger: 创建主窗口...
2025-12-11 17:48:17,256 [DEBUG] httpcore.connection: connect_tcp.started host='api-perf.sanying.site' port=443 local_address=None timeout=15 socket_options=None
2025-12-11 17:48:17,257 [DEBUG] httpcore.connection: connect_tcp.started host='api-perf.sanying.site' port=443 local_address=None timeout=15 socket_options=None
2025-12-11 17:48:17,274 [DEBUG] httpcore.connection: connect_tcp.complete return_value=<httpcore._backends.sync.SyncStream object at 0x1677aac50>
2025-12-11 17:48:17,274 [DEBUG] httpcore.connection: start_tls.started ssl_context=<ssl.SSLContext object at 0x11990b940> server_hostname='api-perf.sanying.site' timeout=15
2025-12-11 17:48:17,274 [DEBUG] httpcore.connection: connect_tcp.complete return_value=<httpcore._backends.sync.SyncStream object at 0x30d7153f0>
2025-12-11 17:48:17,274 [DEBUG] httpcore.connection: start_tls.started ssl_context=<ssl.SSLContext object at 0x1677e23c0> server_hostname='api-perf.sanying.site' timeout=15
2025-12-11 17:48:17,392 [DEBUG] httpcore.connection: connect_tcp.started host='api-perf.sanying.site' port=443 local_address=None timeout=10 socket_options=None
2025-12-11 17:48:17,503 [WARNING] qt_logger: [Qt Warning] Populating font family aliases took 105 ms. Replace uses of missing font family "Microsoft YaHei" with one that exists to avoid this cost. 
2025-12-11 17:48:17,503 [DEBUG] httpcore.connection: connect_tcp.complete return_value=<httpcore._backends.sync.SyncStream object at 0x30ec33c40>
2025-12-11 17:48:17,519 [DEBUG] httpcore.connection: start_tls.started ssl_context=<ssl.SSLContext object at 0x30eac1640> server_hostname='api-perf.sanying.site' timeout=10
2025-12-11 17:48:17,559 [DEBUG] httpcore.connection: connect_tcp.started host='api-perf.sanying.site' port=443 local_address=None timeout=15 socket_options=None
2025-12-11 17:48:17,571 [INFO] crash_logger: 主窗口创建并显示成功
2025-12-11 17:48:17,571 [DEBUG] httpcore.connection: connect_tcp.complete return_value=<httpcore._backends.sync.SyncStream object at 0x321f60d00>
2025-12-11 17:48:17,571 [INFO] crash_logger: 启动应用主循环...
2025-12-11 17:48:17,572 [DEBUG] httpcore.connection: start_tls.started ssl_context=<ssl.SSLContext object at 0x11990b140> server_hostname='api-perf.sanying.site' timeout=15
2025-12-11 17:48:17,639 [DEBUG] httpcore.connection: connect_tcp.started host='api-perf.sanying.site' port=443 local_address=None timeout=15 socket_options=None
2025-12-11 17:48:17,649 [DEBUG] httpcore.connection: connect_tcp.complete return_value=<httpcore._backends.sync.SyncStream object at 0x321f61b40>
2025-12-11 17:48:17,649 [DEBUG] httpcore.connection: start_tls.started ssl_context=<ssl.SSLContext object at 0x11990ad40> server_hostname='api-perf.sanying.site' timeout=15
2025-12-11 17:48:17,665 [DEBUG] httpcore.connection: start_tls.complete return_value=<httpcore._backends.sync.SyncStream object at 0x30d7150c0>
2025-12-11 17:48:17,665 [DEBUG] httpcore.http11: send_request_headers.started request=<Request [b'GET']>
2025-12-11 17:48:17,666 [DEBUG] httpcore.http11: send_request_headers.complete
2025-12-11 17:48:17,666 [DEBUG] httpcore.http11: send_request_body.started request=<Request [b'GET']>
2025-12-11 17:48:17,666 [DEBUG] httpcore.http11: send_request_body.complete
2025-12-11 17:48:17,666 [DEBUG] httpcore.http11: receive_response_headers.started request=<Request [b'GET']>
2025-12-11 17:48:17,741 [DEBUG] httpcore.connection: start_tls.complete return_value=<httpcore._backends.sync.SyncStream object at 0x30d714790>
2025-12-11 17:48:17,741 [DEBUG] httpcore.http11: send_request_headers.started request=<Request [b'GET']>
2025-12-11 17:48:17,741 [DEBUG] httpcore.http11: send_request_headers.complete
2025-12-11 17:48:17,742 [DEBUG] httpcore.http11: send_request_body.started request=<Request [b'GET']>
2025-12-11 17:48:17,742 [DEBUG] httpcore.http11: send_request_body.complete
2025-12-11 17:48:17,742 [DEBUG] httpcore.http11: receive_response_headers.started request=<Request [b'GET']>
2025-12-11 17:48:17,903 [DEBUG] httpcore.connection: start_tls.complete return_value=<httpcore._backends.sync.SyncStream object at 0x30ec33910>
2025-12-11 17:48:17,903 [DEBUG] httpcore.http11: send_request_headers.started request=<Request [b'GET']>
2025-12-11 17:48:17,903 [DEBUG] httpcore.http11: send_request_headers.complete
2025-12-11 17:48:17,903 [DEBUG] httpcore.http11: send_request_body.started request=<Request [b'GET']>
2025-12-11 17:48:17,903 [DEBUG] httpcore.http11: send_request_body.complete
2025-12-11 17:48:17,903 [DEBUG] httpcore.http11: receive_response_headers.started request=<Request [b'GET']>
2025-12-11 17:48:17,919 [DEBUG] httpcore.http11: receive_response_headers.complete return_value=(b'HTTP/1.1', 200, b'OK', [(b'Date', b'Thu, 11 Dec 2025 09:48:17 GMT'), (b'Content-Type', b'application/json'), (b'Transfer-Encoding', b'chunked'), (b'Connection', b'keep-alive'), (b'Server', b'cloudflare'), (b'cf-cache-status', b'DYNAMIC'), (b'Nel', b'{"report_to":"cf-nel","success_fraction":0.0,"max_age":604800}'), (b'Report-To', b'{"group":"cf-nel","max_age":604800,"endpoints":[{"url":"https://a.nel.cloudflare.com/report/v4?s=0jUCad2t0KgqTcQYAXaa75rJsw3%2Fee9z5Iss9e4Q4H2cRySnFct6O56h5gqnM78zkKmA08ooEnpf9%2FgDIu%2FgC7U71FXPznASrSn8UQPQ1eAGnQYtzg%3D%3D"}]}'), (b'Content-Encoding', b'br'), (b'CF-RAY', b'9ac410c30d136577-AMS'), (b'alt-svc', b'h3=":443"; ma=86400')])
2025-12-11 17:48:17,919 [INFO] httpx: HTTP Request: GET https://api-perf.sanying.site/api/latest_score "HTTP/1.1 200 OK"
2025-12-11 17:48:17,919 [DEBUG] httpcore.http11: receive_response_body.started request=<Request [b'GET']>
2025-12-11 17:48:17,920 [DEBUG] httpcore.http11: receive_response_body.complete
2025-12-11 17:48:17,920 [DEBUG] httpcore.http11: response_closed.started
2025-12-11 17:48:17,920 [DEBUG] httpcore.http11: response_closed.complete
2025-12-11 17:48:17,921 [DEBUG] httpcore.connection: close.started
2025-12-11 17:48:17,921 [DEBUG] httpcore.connection: close.complete
2025-12-11 17:48:17,935 [DEBUG] httpcore.connection: connect_tcp.started host='api-perf.sanying.site' port=443 local_address=None timeout=15 socket_options=None
2025-12-11 17:48:17,941 [DEBUG] httpcore.connection: connect_tcp.complete return_value=<httpcore._backends.sync.SyncStream object at 0x321f63190>
2025-12-11 17:48:17,942 [DEBUG] httpcore.connection: start_tls.started ssl_context=<ssl.SSLContext object at 0x11990b0c0> server_hostname='api-perf.sanying.site' timeout=15
2025-12-11 17:48:18,013 [DEBUG] httpcore.connection: start_tls.complete return_value=<httpcore._backends.sync.SyncStream object at 0x321f609d0>
2025-12-11 17:48:18,013 [DEBUG] httpcore.http11: send_request_headers.started request=<Request [b'GET']>
2025-12-11 17:48:18,013 [DEBUG] httpcore.http11: send_request_headers.complete
2025-12-11 17:48:18,013 [DEBUG] httpcore.http11: send_request_body.started request=<Request [b'GET']>
2025-12-11 17:48:18,013 [DEBUG] httpcore.http11: send_request_body.complete
2025-12-11 17:48:18,013 [DEBUG] httpcore.http11: receive_response_headers.started request=<Request [b'GET']>
2025-12-11 17:48:18,016 [DEBUG] httpcore.http11: receive_response_headers.complete return_value=(b'HTTP/1.1', 200, b'OK', [(b'Date', b'Thu, 11 Dec 2025 09:48:17 GMT'), (b'Content-Type', b'application/json'), (b'Transfer-Encoding', b'chunked'), (b'Connection', b'keep-alive'), (b'Server', b'cloudflare'), (b'cf-cache-status', b'DYNAMIC'), (b'Nel', b'{"report_to":"cf-nel","success_fraction":0.0,"max_age":604800}'), (b'Report-To', b'{"group":"cf-nel","max_age":604800,"endpoints":[{"url":"https://a.nel.cloudflare.com/report/v4?s=zgD1G2BA9PAqAcIgnIm%2BhAffZuV3ek%2Bf%2Bds6GcO3KnofcHn6ky56ad88bXaMFAIf%2Biet20JRXqqTpyahC4S%2Fm1be5Ph2GNXVqPRbZQ7zENhogP%2B%2Feg%3D%3D"}]}'), (b'Content-Encoding', b'br'), (b'CF-RAY', b'9ac410c3be7e9709-AMS'), (b'alt-svc', b'h3=":443"; ma=86400')])
2025-12-11 17:48:18,016 [INFO] httpx: HTTP Request: GET https://api-perf.sanying.site/api/team_leader_info "HTTP/1.1 200 OK"
2025-12-11 17:48:18,016 [DEBUG] httpcore.http11: receive_response_body.started request=<Request [b'GET']>
2025-12-11 17:48:18,016 [DEBUG] httpcore.http11: receive_response_body.complete
2025-12-11 17:48:18,016 [DEBUG] httpcore.http11: response_closed.started
2025-12-11 17:48:18,017 [DEBUG] httpcore.http11: response_closed.complete
2025-12-11 17:48:18,017 [DEBUG] httpcore.connection: close.started
2025-12-11 17:48:18,017 [DEBUG] httpcore.connection: close.complete
2025-12-11 17:48:18,057 [DEBUG] httpcore.connection: start_tls.complete return_value=<httpcore._backends.sync.SyncStream object at 0x119fbe6e0>
2025-12-11 17:48:18,059 [DEBUG] httpcore.http11: send_request_headers.started request=<Request [b'GET']>
2025-12-11 17:48:18,061 [DEBUG] httpcore.http11: send_request_headers.complete
2025-12-11 17:48:18,061 [DEBUG] httpcore.http11: send_request_body.started request=<Request [b'GET']>
2025-12-11 17:48:18,061 [DEBUG] httpcore.http11: send_request_body.complete
2025-12-11 17:48:18,061 [DEBUG] httpcore.http11: receive_response_headers.started request=<Request [b'GET']>
2025-12-11 17:48:18,196 [DEBUG] httpcore.http11: receive_response_headers.complete return_value=(b'HTTP/1.1', 200, b'OK', [(b'Date', b'Thu, 11 Dec 2025 09:48:18 GMT'), (b'Content-Type', b'application/json'), (b'Transfer-Encoding', b'chunked'), (b'Connection', b'keep-alive'), (b'Server', b'cloudflare'), (b'cf-cache-status', b'DYNAMIC'), (b'Nel', b'{"report_to":"cf-nel","success_fraction":0.0,"max_age":604800}'), (b'Report-To', b'{"group":"cf-nel","max_age":604800,"endpoints":[{"url":"https://a.nel.cloudflare.com/report/v4?s=NDrZqzYnDdOX%2BSQhvCy2M5fzFmdKZzPcPv8LIQblAeKlCcM8KSx%2BH1foin%2B6lDJljvpJoA6htP07jpwIeYTN3Mp1VFHanJXqlEVuigCy5XnX34%2Fmwg%3D%3D"}]}'), (b'Content-Encoding', b'br'), (b'CF-RAY', b'9ac410c4ccb25d56-AMS'), (b'alt-svc', b'h3=":443"; ma=86400')])
2025-12-11 17:48:18,196 [INFO] httpx: HTTP Request: GET https://api-perf.sanying.site/api/health?current_version=1.1.0 "HTTP/1.1 200 OK"
2025-12-11 17:48:18,196 [DEBUG] httpcore.http11: receive_response_body.started request=<Request [b'GET']>
2025-12-11 17:48:18,196 [DEBUG] httpcore.http11: receive_response_body.complete
2025-12-11 17:48:18,196 [DEBUG] httpcore.http11: response_closed.started
2025-12-11 17:48:18,197 [DEBUG] httpcore.http11: response_closed.complete
2025-12-11 17:48:18,197 [DEBUG] httpcore.connection: close.started
2025-12-11 17:48:18,197 [DEBUG] httpcore.connection: close.complete
2025-12-11 17:48:18,229 [INFO] windows.airdrop_view: [AirDropView] initial layout: bg_top=230, list_top=10, bg_height=140, list_height=208, window_height=370
2025-12-11 17:48:18,229 [INFO] windows.airdrop_view: [AirDropView] devices_min_height set to 208
2025-12-11 17:48:18,236 [DEBUG] httpcore.connection: connect_tcp.started host='api-perf.sanying.site' port=443 local_address=None timeout=15 socket_options=None
2025-12-11 17:48:18,244 [DEBUG] httpcore.connection: connect_tcp.complete return_value=<httpcore._backends.sync.SyncStream object at 0x30ec32fb0>
2025-12-11 17:48:18,244 [DEBUG] httpcore.connection: start_tls.started ssl_context=<ssl.SSLContext object at 0x30eac1640> server_hostname='api-perf.sanying.site' timeout=15
2025-12-11 17:48:18,297 [DEBUG] httpcore.http11: receive_response_headers.complete return_value=(b'HTTP/1.1', 200, b'OK', [(b'Date', b'Thu, 11 Dec 2025 09:48:18 GMT'), (b'Content-Type', b'application/json'), (b'Transfer-Encoding', b'chunked'), (b'Connection', b'keep-alive'), (b'Server', b'cloudflare'), (b'cf-cache-status', b'DYNAMIC'), (b'Nel', b'{"report_to":"cf-nel","success_fraction":0.0,"max_age":604800}'), (b'Report-To', b'{"group":"cf-nel","max_age":604800,"endpoints":[{"url":"https://a.nel.cloudflare.com/report/v4?s=rdUsmkqBhue%2Fk6id5OU56eBtXVcdWR5qksmTq%2BHtuU3Pld9WDgyPD4vYBRskxs3w2OFUtjw5Rxqp9BAEVJy%2FHNK%2FCrOlBxZ0aRq%2B%2BVjFycEdc6T%2FoQ%3D%3D"}]}'), (b'Content-Encoding', b'br'), (b'CF-RAY', b'9ac410c53871a462-AMS'), (b'alt-svc', b'h3=":443"; ma=86400')])
2025-12-11 17:48:18,298 [INFO] httpx: HTTP Request: GET https://api-perf.sanying.site/api/latest_score "HTTP/1.1 200 OK"
2025-12-11 17:48:18,298 [DEBUG] httpcore.http11: receive_response_body.started request=<Request [b'GET']>
2025-12-11 17:48:18,298 [DEBUG] httpcore.http11: receive_response_body.complete
2025-12-11 17:48:18,298 [DEBUG] httpcore.http11: response_closed.started
2025-12-11 17:48:18,298 [DEBUG] httpcore.http11: response_closed.complete
2025-12-11 17:48:18,298 [DEBUG] httpcore.connection: close.started
2025-12-11 17:48:18,298 [DEBUG] httpcore.connection: close.complete
2025-12-11 17:48:18,339 [DEBUG] httpcore.connection: start_tls.complete return_value=<httpcore._backends.sync.SyncStream object at 0x119fbe770>
2025-12-11 17:48:18,339 [DEBUG] httpcore.http11: send_request_headers.started request=<Request [b'GET']>
2025-12-11 17:48:18,339 [DEBUG] httpcore.http11: send_request_headers.complete
2025-12-11 17:48:18,339 [DEBUG] httpcore.http11: send_request_body.started request=<Request [b'GET']>
2025-12-11 17:48:18,339 [DEBUG] httpcore.http11: send_request_body.complete
2025-12-11 17:48:18,339 [DEBUG] httpcore.http11: receive_response_headers.started request=<Request [b'GET']>
2025-12-11 17:48:18,425 [DEBUG] httpcore.http11: receive_response_headers.complete return_value=(b'HTTP/1.1', 200, b'OK', [(b'Date', b'Thu, 11 Dec 2025 09:48:18 GMT'), (b'Content-Type', b'application/json'), (b'Transfer-Encoding', b'chunked'), (b'Connection', b'keep-alive'), (b'Server', b'cloudflare'), (b'cf-cache-status', b'DYNAMIC'), (b'Nel', b'{"report_to":"cf-nel","success_fraction":0.0,"max_age":604800}'), (b'Report-To', b'{"group":"cf-nel","max_age":604800,"endpoints":[{"url":"https://a.nel.cloudflare.com/report/v4?s=g8fyNatpEd1fHmaIMps7S%2FmILafyWvKVCCdu0Zj1qRqzIaZ4YVNnyfozKgi%2F5KskWAEKhBfYZJ4kbvglR41s1lXOHq8JYdX7sjwSYO9nM6K0sk5Guw%3D%3D"}]}'), (b'Content-Encoding', b'br'), (b'CF-RAY', b'9ac410c58dd21307-AMS'), (b'alt-svc', b'h3=":443"; ma=86400')])
2025-12-11 17:48:18,426 [INFO] httpx: HTTP Request: GET https://api-perf.sanying.site/api/ranking "HTTP/1.1 200 OK"
2025-12-11 17:48:18,426 [DEBUG] httpcore.http11: receive_response_body.started request=<Request [b'GET']>
2025-12-11 17:48:18,426 [DEBUG] httpcore.http11: receive_response_body.complete
2025-12-11 17:48:18,426 [DEBUG] httpcore.http11: response_closed.started
2025-12-11 17:48:18,426 [DEBUG] httpcore.http11: response_closed.complete
2025-12-11 17:48:18,426 [DEBUG] httpcore.connection: close.started
2025-12-11 17:48:18,426 [DEBUG] httpcore.connection: close.complete
2025-12-11 17:48:18,581 [DEBUG] httpcore.connection: connect_tcp.started host='api-perf.sanying.site' port=443 local_address=None timeout=10 socket_options=None
2025-12-11 17:48:18,589 [DEBUG] httpcore.connection: connect_tcp.complete return_value=<httpcore._backends.sync.SyncStream object at 0x321f616c0>
2025-12-11 17:48:18,589 [DEBUG] httpcore.connection: start_tls.started ssl_context=<ssl.SSLContext object at 0x11990b140> server_hostname='api-perf.sanying.site' timeout=10
2025-12-11 17:48:18,606 [DEBUG] httpcore.http11: receive_response_headers.complete return_value=(b'HTTP/1.1', 200, b'OK', [(b'Date', b'Thu, 11 Dec 2025 09:48:18 GMT'), (b'Content-Type', b'application/json'), (b'Transfer-Encoding', b'chunked'), (b'Connection', b'keep-alive'), (b'Server', b'cloudflare'), (b'cf-cache-status', b'DYNAMIC'), (b'Nel', b'{"report_to":"cf-nel","success_fraction":0.0,"max_age":604800}'), (b'Report-To', b'{"group":"cf-nel","max_age":604800,"endpoints":[{"url":"https://a.nel.cloudflare.com/report/v4?s=j8CEPCFeI7aQilNQQVT9IsqFUeHRjHQPNCk6qTjFxBXB5AGiLm2mDU8vdKiIXGdCXGBpQCtdvu9MhaU8ekQk8X8%2BB%2ByD2RAFLqXwWEjxbabY1H4xyg%3D%3D"}]}'), (b'Content-Encoding', b'br'), (b'CF-RAY', b'9ac410c73895fea8-AMS'), (b'alt-svc', b'h3=":443"; ma=86400')])
2025-12-11 17:48:18,608 [INFO] httpx: HTTP Request: GET https://api-perf.sanying.site/api/review_status?date=2025-12-10 "HTTP/1.1 200 OK"
2025-12-11 17:48:18,608 [DEBUG] httpcore.http11: receive_response_body.started request=<Request [b'GET']>
2025-12-11 17:48:18,608 [DEBUG] httpcore.http11: receive_response_body.complete
2025-12-11 17:48:18,608 [DEBUG] httpcore.http11: response_closed.started
2025-12-11 17:48:18,608 [DEBUG] httpcore.http11: response_closed.complete
2025-12-11 17:48:18,608 [DEBUG] httpcore.connection: close.started
2025-12-11 17:48:18,609 [DEBUG] httpcore.connection: close.complete
2025-12-11 17:48:18,796 [DEBUG] httpcore.connection: start_tls.complete return_value=<httpcore._backends.sync.SyncStream object at 0x30ec32f80>
2025-12-11 17:48:18,796 [DEBUG] httpcore.http11: send_request_headers.started request=<Request [b'GET']>
2025-12-11 17:48:18,797 [DEBUG] httpcore.http11: send_request_headers.complete
2025-12-11 17:48:18,797 [DEBUG] httpcore.http11: send_request_body.started request=<Request [b'GET']>
2025-12-11 17:48:18,797 [DEBUG] httpcore.http11: send_request_body.complete
2025-12-11 17:48:18,797 [DEBUG] httpcore.http11: receive_response_headers.started request=<Request [b'GET']>
2025-12-11 17:48:18,999 [DEBUG] httpcore.connection: start_tls.complete return_value=<httpcore._backends.sync.SyncStream object at 0x14ff0ebf0>
2025-12-11 17:48:18,999 [DEBUG] httpcore.http11: send_request_headers.started request=<Request [b'GET']>
2025-12-11 17:48:19,000 [DEBUG] httpcore.http11: send_request_headers.complete
2025-12-11 17:48:19,000 [DEBUG] httpcore.http11: send_request_body.started request=<Request [b'GET']>
2025-12-11 17:48:19,000 [DEBUG] httpcore.http11: send_request_body.complete
2025-12-11 17:48:19,000 [DEBUG] httpcore.http11: receive_response_headers.started request=<Request [b'GET']>
2025-12-11 17:48:19,183 [DEBUG] httpcore.http11: receive_response_headers.complete return_value=(b'HTTP/1.1', 200, b'OK', [(b'Date', b'Thu, 11 Dec 2025 09:48:19 GMT'), (b'Content-Type', b'application/json'), (b'Transfer-Encoding', b'chunked'), (b'Connection', b'keep-alive'), (b'Server', b'cloudflare'), (b'cf-cache-status', b'DYNAMIC'), (b'Nel', b'{"report_to":"cf-nel","success_fraction":0.0,"max_age":604800}'), (b'Report-To', b'{"group":"cf-nel","max_age":604800,"endpoints":[{"url":"https://a.nel.cloudflare.com/report/v4?s=Tg6I63FpzOaUZP7uAQev0%2Fk%2FffPjsrd1%2B5VECms4ccqanRwwe8%2BJs7LXEPkmHctlVIsAG%2BEPLureXMMc%2FqgWJuHPeNevvMSH2mcZYbMa%2BaSzwTzuKg%3D%3D"}]}'), (b'Content-Encoding', b'br'), (b'CF-RAY', b'9ac410ca58b806ce-AMS'), (b'alt-svc', b'h3=":443"; ma=86400')])
2025-12-11 17:48:19,184 [INFO] httpx: HTTP Request: GET https://api-perf.sanying.site/api/user_info "HTTP/1.1 200 OK"
2025-12-11 17:48:19,184 [DEBUG] httpcore.http11: receive_response_body.started request=<Request [b'GET']>
2025-12-11 17:48:19,184 [DEBUG] httpcore.http11: receive_response_body.complete
2025-12-11 17:48:19,184 [DEBUG] httpcore.http11: response_closed.started
2025-12-11 17:48:19,184 [DEBUG] httpcore.http11: response_closed.complete
2025-12-11 17:48:19,185 [DEBUG] httpcore.connection: close.started
2025-12-11 17:48:19,185 [DEBUG] httpcore.connection: close.complete
2025-12-11 17:48:19,237 [DEBUG] httpcore.http11: receive_response_headers.complete return_value=(b'HTTP/1.1', 200, b'OK', [(b'Date', b'Thu, 11 Dec 2025 09:48:19 GMT'), (b'Content-Type', b'application/json'), (b'Transfer-Encoding', b'chunked'), (b'Connection', b'keep-alive'), (b'Server', b'cloudflare'), (b'cf-cache-status', b'DYNAMIC'), (b'Nel', b'{"report_to":"cf-nel","success_fraction":0.0,"max_age":604800}'), (b'Report-To', b'{"group":"cf-nel","max_age":604800,"endpoints":[{"url":"https://a.nel.cloudflare.com/report/v4?s=NKPkYQjOGfylUQOdZGwh1JoCheTB%2FQsqzwxfxO33ZVhE4wMJ1fg32fZhmlZ1D3eBeZixP0qROu26ria9rAI3liBjl0y4PqdtbTR7Yfsm6f%2FsbzhscQ%3D%3D"}]}'), (b'Content-Encoding', b'br'), (b'CF-RAY', b'9ac410cb58d39721-AMS'), (b'alt-svc', b'h3=":443"; ma=86400')])
2025-12-11 17:48:19,238 [INFO] httpx: HTTP Request: GET https://api-perf.sanying.site/api/health?current_version=1.1.0 "HTTP/1.1 200 OK"
2025-12-11 17:48:19,238 [DEBUG] httpcore.http11: receive_response_body.started request=<Request [b'GET']>
2025-12-11 17:48:19,245 [INFO] utils.lan_transfer.server: 文件传输服务器已启动，监听端口: 8765
2025-12-11 17:48:19,245 [INFO] utils.lan_transfer.manager: [TransferManager] Registering service: service_name=aiperf-u1022-TingtingdeMacBook-Air.local-192-168-0-128, user_id=u1022, ip=192.168.0.128, scope=all
2025-12-11 17:48:19,247 [DEBUG] asyncio: Using selector: KqueueSelector
2025-12-11 17:48:20,120 [DEBUG] httpcore.http11: receive_response_body.complete
2025-12-11 17:48:20,187 [DEBUG] httpcore.http11: response_closed.started
2025-12-11 17:48:20,254 [DEBUG] httpcore.http11: response_closed.complete
2025-12-11 17:48:20,354 [DEBUG] httpcore.connection: close.started
2025-12-11 17:48:20,454 [DEBUG] httpcore.connection: close.complete
2025-12-11 17:48:20,968 [CRITICAL] crash_logger: ================================================================================
2025-12-11 17:48:20,968 [CRITICAL] crash_logger: 未捕获的异常！
2025-12-11 17:48:20,968 [CRITICAL] crash_logger: ================================================================================
2025-12-11 17:48:20,968 [CRITICAL] crash_logger: 异常类型: RecursionError
2025-12-11 17:48:20,968 [CRITICAL] crash_logger: 异常信息: maximum recursion depth exceeded while calling a Python object
2025-12-11 17:48:20,968 [CRITICAL] crash_logger: 堆栈跟踪:
2025-12-11 17:48:20,968 [CRITICAL] crash_logger: Traceback (most recent call last):
2025-12-11 17:48:20,968 [CRITICAL] crash_logger: File "windows/airdrop_view.py", line 1407, in changeEvent
2025-12-11 17:48:20,968 [CRITICAL] crash_logger: File "windows/airdrop_view.py", line 1407, in changeEvent
2025-12-11 17:48:20,968 [CRITICAL] crash_logger: File "windows/airdrop_view.py", line 1407, in changeEvent
2025-12-11 17:48:20,968 [CRITICAL] crash_logger: [Previous line repeated 60 more times]
2025-12-11 17:48:20,968 [CRITICAL] crash_logger: File "windows/airdrop_view.py", line 1404, in changeEvent
2025-12-11 17:48:20,968 [CRITICAL] crash_logger: File "enum.py", line 385, in __call__
2025-12-11 17:48:20,968 [CRITICAL] crash_logger: File "enum.py", line 688, in __new__
2025-12-11 17:48:20,968 [CRITICAL] crash_logger: RecursionError: maximum recursion depth exceeded while calling a Python object
2025-12-11 17:48:20,968 [CRITICAL] crash_logger: ================================================================================
2025-12-11 17:48:21,207 [DEBUG] asyncio: Using selector: KqueueSelector
2025-12-11 17:48:21,207 [INFO] utils.lan_transfer.discovery: 设备发现服务已启动
2025-12-11 17:48:21,207 [INFO] utils.lan_transfer.manager: 文件传输管理器已启动
2025-12-11 17:48:21,208 [WARNING] qt_logger: [Qt Warning] QObject::startTimer: Timers can only be used with threads started with QThread
2025-12-11 17:48:21,229 [INFO] utils.lan_transfer.discovery: [Discovery] Device found: service_name=aiperf-u1022-TingtingdeMacBook-Air.local-192-168-0-128._aiperf-transfer._tcp.local., user_id=u1022, ip=192.168.0.128, name=李婷婷
2025-12-11 17:48:21,229 [INFO] utils.lan_transfer.discovery: [Discovery] Adding new device: service_name=aiperf-u1022-TingtingdeMacBook-Air.local-192-168-0-128._aiperf-transfer._tcp.local., user_id=u1022, ip=192.168.0.128
2025-12-11 17:48:21,229 [INFO] utils.lan_transfer.discovery: [Discovery] Calling _on_device_added callback for: user_id=u1022, ip=192.168.0.128
2025-12-11 17:48:21,229 [INFO] utils.lan_transfer.manager: [TransferManager] Ignoring self device: 李婷婷 (192.168.0.128) user_id=u1022
2025-12-11 17:48:21,229 [INFO] utils.lan_transfer.discovery: 发现设备: 李婷婷 (192.168.0.128:8765)
2025-12-11 17:48:21,266 [INFO] utils.lan_transfer.discovery: [Discovery] Device found: service_name=aiperf-u1019-xiaozhangdeMacBook-Air.local-192-168-0-150._aiperf-transfer._tcp.local., user_id=u1019, ip=192.168.0.150, name=章志豪
2025-12-11 17:48:21,266 [INFO] utils.lan_transfer.discovery: [Discovery] Adding new device: service_name=aiperf-u1019-xiaozhangdeMacBook-Air.local-192-168-0-150._aiperf-transfer._tcp.local., user_id=u1019, ip=192.168.0.150
2025-12-11 17:48:21,266 [INFO] utils.lan_transfer.discovery: [Discovery] Calling _on_device_added callback for: user_id=u1019, ip=192.168.0.150
2025-12-11 17:48:21,266 [INFO] utils.lan_transfer.manager: [TransferManager] Device discovered: 章志豪 (192.168.0.150:8765) user_id=u1019, current_user_id=u1022, local_ip=192.168.0.128
2025-12-11 17:48:21,266 [INFO] utils.lan_transfer.discovery: 发现设备: 章志豪 (192.168.0.150:8765)
2025-12-11 17:48:21,266 [INFO] utils.lan_transfer.discovery: [Discovery] Device found: service_name=aiperf-u1008-DESKTOP-4BVG6JG-192-168-0-141._aiperf-transfer._tcp.local., user_id=u1008, ip=192.168.0.141, name=杨彬
2025-12-11 17:48:21,266 [INFO] utils.lan_transfer.discovery: [Discovery] Adding new device: service_name=aiperf-u1008-DESKTOP-4BVG6JG-192-168-0-141._aiperf-transfer._tcp.local., user_id=u1008, ip=192.168.0.141
2025-12-11 17:48:21,266 [INFO] utils.lan_transfer.discovery: [Discovery] Calling _on_device_added callback for: user_id=u1008, ip=192.168.0.141
2025-12-11 17:48:21,266 [INFO] utils.lan_transfer.manager: [TransferManager] Device discovered: 杨彬 (192.168.0.141:8765) user_id=u1008, current_user_id=u1022, local_ip=192.168.0.128
2025-12-11 17:48:21,266 [INFO] utils.lan_transfer.discovery: 发现设备: 杨彬 (192.168.0.141:8765)
2025-12-11 17:48:21,266 [INFO] utils.lan_transfer.discovery: [Discovery] Device found: service_name=aiperf-u1002-PC-202303212326-192-168-0-151._aiperf-transfer._tcp.local., user_id=u1002, ip=192.168.0.151, name=左大双
2025-12-11 17:48:21,266 [INFO] utils.lan_transfer.discovery: [Discovery] Adding new device: service_name=aiperf-u1002-PC-202303212326-192-168-0-151._aiperf-transfer._tcp.local., user_id=u1002, ip=192.168.0.151
2025-12-11 17:48:21,266 [INFO] utils.lan_transfer.discovery: [Discovery] Calling _on_device_added callback for: user_id=u1002, ip=192.168.0.151
2025-12-11 17:48:21,266 [INFO] utils.lan_transfer.manager: [TransferManager] Device discovered: 左大双 (192.168.0.151:8765) user_id=u1002, current_user_id=u1022, local_ip=192.168.0.128
2025-12-11 17:48:21,266 [INFO] utils.lan_transfer.discovery: 发现设备: 左大双 (192.168.0.151:8765)
2025-12-11 17:48:21,727 [DEBUG] httpcore.connection: connect_tcp.started host='api-perf.sanying.site' port=443 local_address=None timeout=10 socket_options=None
2025-12-11 17:48:21,776 [DEBUG] httpcore.connection: connect_tcp.started host='api-perf.sanying.site' port=443 local_address=None timeout=15 socket_options=None
2025-12-11 17:48:21,779 [DEBUG] httpcore.connection: connect_tcp.complete return_value=<httpcore._backends.sync.SyncStream object at 0x32aff38b0>
2025-12-11 17:48:21,779 [DEBUG] httpcore.connection: start_tls.started ssl_context=<ssl.SSLContext object at 0x32afd62c0> server_hostname='api-perf.sanying.site' timeout=15
2025-12-11 17:48:22,191 [DEBUG] httpcore.connection: start_tls.complete return_value=<httpcore._backends.sync.SyncStream object at 0x32aff3880>
2025-12-11 17:48:22,192 [DEBUG] httpcore.http11: send_request_headers.started request=<Request [b'GET']>
2025-12-11 17:48:22,193 [DEBUG] httpcore.http11: send_request_headers.complete
2025-12-11 17:48:22,193 [DEBUG] httpcore.http11: send_request_body.started request=<Request [b'GET']>
2025-12-11 17:48:22,193 [DEBUG] httpcore.http11: send_request_body.complete
2025-12-11 17:48:22,193 [DEBUG] httpcore.http11: receive_response_headers.started request=<Request [b'GET']>
2025-12-11 17:48:22,444 [DEBUG] httpcore.http11: receive_response_headers.complete return_value=(b'HTTP/1.1', 200, b'OK', [(b'Date', b'Thu, 11 Dec 2025 09:48:22 GMT'), (b'Content-Type', b'application/json'), (b'Transfer-Encoding', b'chunked'), (b'Connection', b'keep-alive'), (b'Server', b'cloudflare'), (b'cf-cache-status', b'DYNAMIC'), (b'Nel', b'{"report_to":"cf-nel","success_fraction":0.0,"max_age":604800}'), (b'Report-To', b'{"group":"cf-nel","max_age":604800,"endpoints":[{"url":"https://a.nel.cloudflare.com/report/v4?s=%2B65q3B%2FaebOYXHScc1FB%2BgzOMA4R%2BjlX39F0rnMUfU%2B9ONHlQKQ%2B7AdIooG5rOPpqJJ4rz2v%2FiE0ZlhUJHSRNTPRUViAAmO%2FVZgkQ2GKxvPxQ1JpAg%3D%3D"}]}'), (b'Content-Encoding', b'br'), (b'CF-RAY', b'9ac410df490d0c49-AMS'), (b'alt-svc', b'h3=":443"; ma=86400')])
2025-12-11 17:48:22,446 [INFO] httpx: HTTP Request: GET https://api-perf.sanying.site/api/notifications?unread_only=true&limit=10 "HTTP/1.1 200 OK"
2025-12-11 17:48:22,451 [DEBUG] httpcore.http11: receive_response_body.started request=<Request [b'GET']>
2025-12-11 17:48:22,452 [DEBUG] httpcore.http11: receive_response_body.complete
2025-12-11 17:48:22,452 [DEBUG] httpcore.http11: response_closed.started
2025-12-11 17:48:22,453 [DEBUG] httpcore.http11: response_closed.complete
2025-12-11 17:48:22,453 [DEBUG] httpcore.connection: close.started
2025-12-11 17:48:22,453 [DEBUG] httpcore.connection: close.complete
2025-12-11 17:48:22,736 [DEBUG] httpcore.connection: connect_tcp.complete return_value=<httpcore._backends.sync.SyncStream object at 0x32aff2c80>
2025-12-11 17:48:22,736 [DEBUG] httpcore.connection: start_tls.started ssl_context=<ssl.SSLContext object at 0x32afd61c0> server_hostname='api-perf.sanying.site' timeout=10
2025-12-11 17:48:23,205 [DEBUG] httpcore.connection: start_tls.complete return_value=<httpcore._backends.sync.SyncStream object at 0x32aff2c50>
2025-12-11 17:48:23,206 [DEBUG] httpcore.http11: send_request_headers.started request=<Request [b'GET']>
2025-12-11 17:48:23,206 [DEBUG] httpcore.http11: send_request_headers.complete
2025-12-11 17:48:23,206 [DEBUG] httpcore.http11: send_request_body.started request=<Request [b'GET']>
2025-12-11 17:48:23,207 [DEBUG] httpcore.http11: send_request_body.complete
2025-12-11 17:48:23,207 [DEBUG] httpcore.http11: receive_response_headers.started request=<Request [b'GET']>
2025-12-11 17:48:23,473 [DEBUG] httpcore.http11: receive_response_headers.complete return_value=(b'HTTP/1.1', 200, b'OK', [(b'Date', b'Thu, 11 Dec 2025 09:48:23 GMT'), (b'Content-Type', b'application/json'), (b'Transfer-Encoding', b'chunked'), (b'Connection', b'keep-alive'), (b'Server', b'cloudflare'), (b'cf-cache-status', b'DYNAMIC'), (b'Nel', b'{"report_to":"cf-nel","success_fraction":0.0,"max_age":604800}'), (b'Report-To', b'{"group":"cf-nel","max_age":604800,"endpoints":[{"url":"https://a.nel.cloudflare.com/report/v4?s=RwVaSH0C0ln1lg%2FNkvVt2N33hq%2B7tqzGSbXwE%2B0GnEmdfQ4oEnugC1ZJiN7Wc6VRFWhU%2FhG9Yj%2FDsCHL1QZOris%2B7J1SM1A9vc7QG4CSFl5v9nlFPA%3D%3D"}]}'), (b'Content-Encoding', b'br'), (b'CF-RAY', b'9ac410e5abef3379-AMS'), (b'alt-svc', b'h3=":443"; ma=86400')])
2025-12-11 17:48:23,474 [INFO] httpx: HTTP Request: GET https://api-perf.sanying.site/api/health "HTTP/1.1 200 OK"
2025-12-11 17:48:23,475 [DEBUG] httpcore.http11: receive_response_body.started request=<Request [b'GET']>
2025-12-11 17:48:23,475 [DEBUG] httpcore.http11: receive_response_body.complete
2025-12-11 17:48:23,475 [DEBUG] httpcore.http11: response_closed.started
2025-12-11 17:48:23,475 [DEBUG] httpcore.http11: response_closed.complete
2025-12-11 17:48:23,475 [DEBUG] httpcore.connection: close.started
2025-12-11 17:48:23,476 [DEBUG] httpcore.connection: close.complete
2025-12-11 17:48:47,691 [DEBUG] httpcore.connection: connect_tcp.started host='api-perf.sanying.site' port=443 local_address=None timeout=10 socket_options=None
2025-12-11 17:48:47,707 [DEBUG] httpcore.connection: connect_tcp.complete return_value=<httpcore._backends.sync.SyncStream object at 0x321f60d30>
2025-12-11 17:48:47,708 [DEBUG] httpcore.connection: start_tls.started ssl_context=<ssl.SSLContext object at 0x32afd6240> server_hostname='api-perf.sanying.site' timeout=10
2025-12-11 17:48:48,134 [DEBUG] httpcore.connection: start_tls.complete return_value=<httpcore._backends.sync.SyncStream object at 0x14fedacb0>
2025-12-11 17:48:48,135 [DEBUG] httpcore.http11: send_request_headers.started request=<Request [b'GET']>
2025-12-11 17:48:48,135 [DEBUG] httpcore.http11: send_request_headers.complete
2025-12-11 17:48:48,135 [DEBUG] httpcore.http11: send_request_body.started request=<Request [b'GET']>
2025-12-11 17:48:48,136 [DEBUG] httpcore.http11: send_request_body.complete
2025-12-11 17:48:48,136 [DEBUG] httpcore.http11: receive_response_headers.started request=<Request [b'GET']>
2025-12-11 17:48:48,401 [DEBUG] httpcore.http11: receive_response_headers.complete return_value=(b'HTTP/1.1', 200, b'OK', [(b'Date', b'Thu, 11 Dec 2025 09:48:48 GMT'), (b'Content-Type', b'application/json'), (b'Transfer-Encoding', b'chunked'), (b'Connection', b'keep-alive'), (b'Server', b'cloudflare'), (b'cf-cache-status', b'DYNAMIC'), (b'Nel', b'{"report_to":"cf-nel","success_fraction":0.0,"max_age":604800}'), (b'Report-To', b'{"group":"cf-nel","max_age":604800,"endpoints":[{"url":"https://a.nel.cloudflare.com/report/v4?s=f3a6QI8xh2RBqfUyqZR92lQ1KqYFk13eZ34oxomFFvaHsk6s5e00DPek2FpObGXe%2FTTUe2QVXxCVpL9Rb0sqUh4m3ZGKX0jCz1Xtp38CofXH1QUfNA%3D%3D"}]}'), (b'Content-Encoding', b'br'), (b'CF-RAY', b'9ac411819eedfe9e-AMS'), (b'alt-svc', b'h3=":443"; ma=86400')])
2025-12-11 17:48:48,404 [INFO] httpx: HTTP Request: GET https://api-perf.sanying.site/api/health "HTTP/1.1 200 OK"
2025-12-11 17:48:48,404 [DEBUG] httpcore.http11: receive_response_body.started request=<Request [b'GET']>
2025-12-11 17:48:48,404 [DEBUG] httpcore.http11: receive_response_body.complete
2025-12-11 17:48:48,405 [DEBUG] httpcore.http11: response_closed.started
2025-12-11 17:48:48,405 [DEBUG] httpcore.http11: response_closed.complete
2025-12-11 17:48:48,405 [DEBUG] httpcore.connection: close.started
2025-12-11 17:48:48,405 [DEBUG] httpcore.connection: close.complete
2025-12-11 17:49:17,696 [DEBUG] httpcore.connection: connect_tcp.started host='api-perf.sanying.site' port=443 local_address=None timeout=10 socket_options=None
2025-12-11 17:49:18,721 [DEBUG] httpcore.connection: connect_tcp.complete return_value=<httpcore._backends.sync.SyncStream object at 0x321f60dc0>
2025-12-11 17:49:18,721 [DEBUG] httpcore.connection: start_tls.started ssl_context=<ssl.SSLContext object at 0x32afd7040> server_hostname='api-perf.sanying.site' timeout=10
2025-12-11 17:49:19,229 [DEBUG] httpcore.connection: start_tls.complete return_value=<httpcore._backends.sync.SyncStream object at 0x321f60f40>
2025-12-11 17:49:19,230 [DEBUG] httpcore.http11: send_request_headers.started request=<Request [b'GET']>
2025-12-11 17:49:19,231 [DEBUG] httpcore.http11: send_request_headers.complete
2025-12-11 17:49:19,231 [DEBUG] httpcore.http11: send_request_body.started request=<Request [b'GET']>
2025-12-11 17:49:19,231 [DEBUG] httpcore.http11: send_request_body.complete
2025-12-11 17:49:19,231 [DEBUG] httpcore.http11: receive_response_headers.started request=<Request [b'GET']>
2025-12-11 17:49:19,535 [DEBUG] httpcore.http11: receive_response_headers.complete return_value=(b'HTTP/1.1', 200, b'OK', [(b'Date', b'Thu, 11 Dec 2025 09:49:19 GMT'), (b'Content-Type', b'application/json'), (b'Transfer-Encoding', b'chunked'), (b'Connection', b'keep-alive'), (b'Server', b'cloudflare'), (b'cf-cache-status', b'DYNAMIC'), (b'Nel', b'{"report_to":"cf-nel","success_fraction":0.0,"max_age":604800}'), (b'Report-To', b'{"group":"cf-nel","max_age":604800,"endpoints":[{"url":"https://a.nel.cloudflare.com/report/v4?s=mSLBivauvePhcI1IvhtmDEs6YBQuN42X9vBzPEFXbcApAD24DDCy25gXiwoHfO%2FE%2BrCntwSDQgodAzfTt9xABNqPY3SI9rm%2FR7je0Bx5woXJcaWFUg%3D%3D"}]}'), (b'Content-Encoding', b'br'), (b'CF-RAY', b'9ac4124418fb2fc1-AMS'), (b'alt-svc', b'h3=":443"; ma=86400')])
2025-12-11 17:49:19,536 [INFO] httpx: HTTP Request: GET https://api-perf.sanying.site/api/health "HTTP/1.1 200 OK"
2025-12-11 17:49:19,536 [DEBUG] httpcore.http11: receive_response_body.started request=<Request [b'GET']>
2025-12-11 17:49:19,537 [DEBUG] httpcore.http11: receive_response_body.complete
2025-12-11 17:49:19,537 [DEBUG] httpcore.http11: response_closed.started
2025-12-11 17:49:19,537 [DEBUG] httpcore.http11: response_closed.complete
2025-12-11 17:49:19,537 [DEBUG] httpcore.connection: close.started
2025-12-11 17:49:19,537 [DEBUG] httpcore.connection: close.complete
2025-12-11 17:49:21,692 [DEBUG] httpcore.connection: connect_tcp.started host='api-perf.sanying.site' port=443 local_address=None timeout=15 socket_options=None
2025-12-11 17:49:21,693 [DEBUG] httpcore.connection: connect_tcp.started host='api-perf.sanying.site' port=443 local_address=None timeout=10 socket_options=None
2025-12-11 17:49:21,699 [DEBUG] httpcore.connection: connect_tcp.complete return_value=<httpcore._backends.sync.SyncStream object at 0x32b01a320>
2025-12-11 17:49:21,700 [DEBUG] httpcore.connection: start_tls.started ssl_context=<ssl.SSLContext object at 0x32afd7140> server_hostname='api-perf.sanying.site' timeout=10
2025-12-11 17:49:22,097 [DEBUG] httpcore.connection: start_tls.complete return_value=<httpcore._backends.sync.SyncStream object at 0x32b01a020>
2025-12-11 17:49:22,098 [DEBUG] httpcore.http11: send_request_headers.started request=<Request [b'GET']>
2025-12-11 17:49:22,098 [DEBUG] httpcore.http11: send_request_headers.complete
2025-12-11 17:49:22,098 [DEBUG] httpcore.http11: send_request_body.started request=<Request [b'GET']>
2025-12-11 17:49:22,099 [DEBUG] httpcore.http11: send_request_body.complete
2025-12-11 17:49:22,099 [DEBUG] httpcore.http11: receive_response_headers.started request=<Request [b'GET']>
2025-12-11 17:49:22,318 [DEBUG] httpcore.http11: receive_response_headers.complete return_value=(b'HTTP/1.1', 200, b'OK', [(b'Date', b'Thu, 11 Dec 2025 09:49:22 GMT'), (b'Content-Type', b'application/json'), (b'Transfer-Encoding', b'chunked'), (b'Connection', b'keep-alive'), (b'Server', b'cloudflare'), (b'cf-cache-status', b'DYNAMIC'), (b'Nel', b'{"report_to":"cf-nel","success_fraction":0.0,"max_age":604800}'), (b'Report-To', b'{"group":"cf-nel","max_age":604800,"endpoints":[{"url":"https://a.nel.cloudflare.com/report/v4?s=JV0LozOddFk5PD%2B6%2B7BT%2BroZ8VwtLBHKW4wzyOJEqGNGDffgDQaS0NrOwsIojHIQKVjez2Svt1vWV6tdVzbjjxDvV%2Bm2hhZerB8KdpCuUCYXzMc%3D"}]}'), (b'Content-Encoding', b'br'), (b'CF-RAY', b'9ac41255bfa0fba2-AMS'), (b'alt-svc', b'h3=":443"; ma=86400')])
2025-12-11 17:49:22,320 [INFO] httpx: HTTP Request: GET https://api-perf.sanying.site/api/health?current_version=1.1.0 "HTTP/1.1 200 OK"
2025-12-11 17:49:22,320 [DEBUG] httpcore.http11: receive_response_body.started request=<Request [b'GET']>
2025-12-11 17:49:22,321 [DEBUG] httpcore.http11: receive_response_body.complete
2025-12-11 17:49:22,321 [DEBUG] httpcore.http11: response_closed.started
2025-12-11 17:49:22,322 [DEBUG] httpcore.http11: response_closed.complete
2025-12-11 17:49:22,322 [DEBUG] httpcore.connection: close.started
2025-12-11 17:49:22,322 [DEBUG] httpcore.connection: close.complete
2025-12-11 17:49:22,713 [DEBUG] httpcore.connection: connect_tcp.complete return_value=<httpcore._backends.sync.SyncStream object at 0x32b0199f0>
2025-12-11 17:49:22,714 [DEBUG] httpcore.connection: start_tls.started ssl_context=<ssl.SSLContext object at 0x32afd7340> server_hostname='api-perf.sanying.site' timeout=15
2025-12-11 17:49:23,184 [DEBUG] httpcore.connection: start_tls.complete return_value=<httpcore._backends.sync.SyncStream object at 0x32b0199c0>
2025-12-11 17:49:23,185 [DEBUG] httpcore.http11: send_request_headers.started request=<Request [b'GET']>
2025-12-11 17:49:23,186 [DEBUG] httpcore.http11: send_request_headers.complete
2025-12-11 17:49:23,186 [DEBUG] httpcore.http11: send_request_body.started request=<Request [b'GET']>
2025-12-11 17:49:23,186 [DEBUG] httpcore.http11: send_request_body.complete
2025-12-11 17:49:23,186 [DEBUG] httpcore.http11: receive_response_headers.started request=<Request [b'GET']>
2025-12-11 17:49:23,454 [DEBUG] httpcore.http11: receive_response_headers.complete return_value=(b'HTTP/1.1', 200, b'OK', [(b'Date', b'Thu, 11 Dec 2025 09:49:23 GMT'), (b'Content-Type', b'application/json'), (b'Transfer-Encoding', b'chunked'), (b'Connection', b'keep-alive'), (b'Server', b'cloudflare'), (b'cf-cache-status', b'DYNAMIC'), (b'Nel', b'{"report_to":"cf-nel","success_fraction":0.0,"max_age":604800}'), (b'Report-To', b'{"group":"cf-nel","max_age":604800,"endpoints":[{"url":"https://a.nel.cloudflare.com/report/v4?s=T3hbatYfaCYRHU%2BGAhI6d4w75LzQORp5wgk800Vi%2BzwcVrsvAqwyr1MiFLssF4bQ3M71eKUmwPaQo%2FLJQoPgrGmKfXTYPv9hlpFfHRWqYxmutjB1CQ%3D%3D"}]}'), (b'Content-Encoding', b'br'), (b'CF-RAY', b'9ac4125c9a4fdde3-AMS'), (b'alt-svc', b'h3=":443"; ma=86400')])
2025-12-11 17:49:23,455 [INFO] httpx: HTTP Request: GET https://api-perf.sanying.site/api/notifications?unread_only=true&limit=10 "HTTP/1.1 200 OK"
2025-12-11 17:49:23,455 [DEBUG] httpcore.http11: receive_response_body.started request=<Request [b'GET']>
2025-12-11 17:49:23,456 [DEBUG] httpcore.http11: receive_response_body.complete
2025-12-11 17:49:23,456 [DEBUG] httpcore.http11: response_closed.started
2025-12-11 17:49:23,456 [DEBUG] httpcore.http11: response_closed.complete
2025-12-11 17:49:23,456 [DEBUG] httpcore.connection: close.started
2025-12-11 17:49:23,457 [DEBUG] httpcore.connection: close.complete
2025-12-11 17:49:47,701 [DEBUG] httpcore.connection: connect_tcp.started host='api-perf.sanying.site' port=443 local_address=None timeout=10 socket_options=None
2025-12-11 17:49:47,726 [DEBUG] httpcore.connection: connect_tcp.complete return_value=<httpcore._backends.sync.SyncStream object at 0x32aff11e0>
2025-12-11 17:49:47,726 [DEBUG] httpcore.connection: start_tls.started ssl_context=<ssl.SSLContext object at 0x32afd72c0> server_hostname='api-perf.sanying.site' timeout=10
2025-12-11 17:49:48,195 [DEBUG] httpcore.connection: start_tls.complete return_value=<httpcore._backends.sync.SyncStream object at 0x32aff21a0>
2025-12-11 17:49:48,196 [DEBUG] httpcore.http11: send_request_headers.started request=<Request [b'GET']>
2025-12-11 17:49:48,197 [DEBUG] httpcore.http11: send_request_headers.complete
2025-12-11 17:49:48,197 [DEBUG] httpcore.http11: send_request_body.started request=<Request [b'GET']>
2025-12-11 17:49:48,197 [DEBUG] httpcore.http11: send_request_body.complete
2025-12-11 17:49:48,197 [DEBUG] httpcore.http11: receive_response_headers.started request=<Request [b'GET']>
2025-12-11 17:49:48,755 [DEBUG] httpcore.http11: receive_response_headers.complete return_value=(b'HTTP/1.1', 200, b'OK', [(b'Date', b'Thu, 11 Dec 2025 09:49:48 GMT'), (b'Content-Type', b'application/json'), (b'Transfer-Encoding', b'chunked'), (b'Connection', b'keep-alive'), (b'Server', b'cloudflare'), (b'cf-cache-status', b'DYNAMIC'), (b'Nel', b'{"report_to":"cf-nel","success_fraction":0.0,"max_age":604800}'), (b'Report-To', b'{"group":"cf-nel","max_age":604800,"endpoints":[{"url":"https://a.nel.cloudflare.com/report/v4?s=jPMv4re%2BVGethnwZdn5AHPxEpWaop1HwC0wpRK5aTviwbHG9CB1xVmJzzeUY3dS%2FGMlC9yIxbltYGhL2tCEGPuqj6b6c6KW3K77%2FimnBy2rDyNxFdQ%3D%3D"}]}'), (b'Content-Encoding', b'br'), (b'CF-RAY', b'9ac412f8de8b6aa3-AMS'), (b'alt-svc', b'h3=":443"; ma=86400')])
2025-12-11 17:49:48,756 [INFO] httpx: HTTP Request: GET https://api-perf.sanying.site/api/health "HTTP/1.1 200 OK"
2025-12-11 17:49:48,756 [DEBUG] httpcore.http11: receive_response_body.started request=<Request [b'GET']>
2025-12-11 17:49:48,756 [DEBUG] httpcore.http11: receive_response_body.complete
2025-12-11 17:49:48,756 [DEBUG] httpcore.http11: response_closed.started
2025-12-11 17:49:48,756 [DEBUG] httpcore.http11: response_closed.complete
2025-12-11 17:49:48,756 [DEBUG] httpcore.connection: close.started
2025-12-11 17:49:48,756 [DEBUG] httpcore.connection: close.complete
2025-12-11 17:50:17,704 [DEBUG] httpcore.connection: connect_tcp.started host='api-perf.sanying.site' port=443 local_address=None timeout=10 socket_options=None
2025-12-11 17:50:17,723 [DEBUG] httpcore.connection: connect_tcp.complete return_value=<httpcore._backends.sync.SyncStream object at 0x321f614e0>
2025-12-11 17:50:17,723 [DEBUG] httpcore.connection: start_tls.started ssl_context=<ssl.SSLContext object at 0x32afd76c0> server_hostname='api-perf.sanying.site' timeout=10
2025-12-11 17:50:18,152 [DEBUG] httpcore.connection: start_tls.complete return_value=<httpcore._backends.sync.SyncStream object at 0x321f607c0>
2025-12-11 17:50:18,153 [DEBUG] httpcore.http11: send_request_headers.started request=<Request [b'GET']>
2025-12-11 17:50:18,154 [DEBUG] httpcore.http11: send_request_headers.complete
2025-12-11 17:50:18,154 [DEBUG] httpcore.http11: send_request_body.started request=<Request [b'GET']>
2025-12-11 17:50:18,154 [DEBUG] httpcore.http11: send_request_body.complete
2025-12-11 17:50:18,154 [DEBUG] httpcore.http11: receive_response_headers.started request=<Request [b'GET']>
2025-12-11 17:50:18,383 [DEBUG] httpcore.http11: receive_response_headers.complete return_value=(b'HTTP/1.1', 200, b'OK', [(b'Date', b'Thu, 11 Dec 2025 09:50:18 GMT'), (b'Content-Type', b'application/json'), (b'Transfer-Encoding', b'chunked'), (b'Connection', b'keep-alive'), (b'Server', b'cloudflare'), (b'cf-cache-status', b'DYNAMIC'), (b'Nel', b'{"report_to":"cf-nel","success_fraction":0.0,"max_age":604800}'), (b'Report-To', b'{"group":"cf-nel","max_age":604800,"endpoints":[{"url":"https://a.nel.cloudflare.com/report/v4?s=buYbarm8x0E%2FcMpCBb04b%2Fnc884m7g%2F4sS2IN68XVd61wbIrtqiSKlHRA%2FK8%2FBj0wJWAjKqzlyP7rDveSoc%2BXuLKEJUye2cpScOWS9tpBgetQw9dUw%3D%3D"}]}'), (b'Content-Encoding', b'br'), (b'CF-RAY', b'9ac413b4180b66a2-AMS'), (b'alt-svc', b'h3=":443"; ma=86400')])
2025-12-11 17:50:18,384 [INFO] httpx: HTTP Request: GET https://api-perf.sanying.site/api/health "HTTP/1.1 200 OK"
2025-12-11 17:50:18,385 [DEBUG] httpcore.http11: receive_response_body.started request=<Request [b'GET']>
2025-12-11 17:50:18,385 [DEBUG] httpcore.http11: receive_response_body.complete
2025-12-11 17:50:18,385 [DEBUG] httpcore.http11: response_closed.started
2025-12-11 17:50:18,385 [DEBUG] httpcore.http11: response_closed.complete
2025-12-11 17:50:18,386 [DEBUG] httpcore.connection: close.started
2025-12-11 17:50:18,386 [DEBUG] httpcore.connection: close.complete
2025-12-11 17:50:21,701 [DEBUG] httpcore.connection: connect_tcp.started host='api-perf.sanying.site' port=443 local_address=None timeout=15 socket_options=None
2025-12-11 17:50:22,712 [DEBUG] httpcore.connection: connect_tcp.complete return_value=<httpcore._backends.sync.SyncStream object at 0x32b018dc0>
2025-12-11 17:50:22,713 [DEBUG] httpcore.connection: start_tls.started ssl_context=<ssl.SSLContext object at 0x32b02eac0> server_hostname='api-perf.sanying.site' timeout=15
2025-12-11 17:50:23,138 [DEBUG] httpcore.connection: start_tls.complete return_value=<httpcore._backends.sync.SyncStream object at 0x30ec33220>
2025-12-11 17:50:23,139 [DEBUG] httpcore.http11: send_request_headers.started request=<Request [b'GET']>
2025-12-11 17:50:23,140 [DEBUG] httpcore.http11: send_request_headers.complete
2025-12-11 17:50:23,140 [DEBUG] httpcore.http11: send_request_body.started request=<Request [b'GET']>
2025-12-11 17:50:23,141 [DEBUG] httpcore.http11: send_request_body.complete
2025-12-11 17:50:23,141 [DEBUG] httpcore.http11: receive_response_headers.started request=<Request [b'GET']>
2025-12-11 17:50:23,401 [DEBUG] httpcore.http11: receive_response_headers.complete return_value=(b'HTTP/1.1', 200, b'OK', [(b'Date', b'Thu, 11 Dec 2025 09:50:23 GMT'), (b'Content-Type', b'application/json'), (b'Transfer-Encoding', b'chunked'), (b'Connection', b'keep-alive'), (b'Server', b'cloudflare'), (b'cf-cache-status', b'DYNAMIC'), (b'Nel', b'{"report_to":"cf-nel","success_fraction":0.0,"max_age":604800}'), (b'Report-To', b'{"group":"cf-nel","max_age":604800,"endpoints":[{"url":"https://a.nel.cloudflare.com/report/v4?s=2AEKwgjX8RZJEaL6rYkumKsq7oMeb0JUiCvfmVxM0R6FjesV21tMV2ERHLcOV5SK%2FIZRhxUxPkwcpu2d%2B4ob5OtETsIhQZIfaS9SDDMavkVSGKw%3D"}]}'), (b'Content-Encoding', b'br'), (b'CF-RAY', b'9ac413d33babf5ba-AMS'), (b'alt-svc', b'h3=":443"; ma=86400')])
2025-12-11 17:50:23,402 [INFO] httpx: HTTP Request: GET https://api-perf.sanying.site/api/notifications?unread_only=true&limit=10 "HTTP/1.1 200 OK"
2025-12-11 17:50:23,402 [DEBUG] httpcore.http11: receive_response_body.started request=<Request [b'GET']>
2025-12-11 17:50:23,403 [DEBUG] httpcore.http11: receive_response_body.complete
2025-12-11 17:50:23,403 [DEBUG] httpcore.http11: response_closed.started
2025-12-11 17:50:23,403 [DEBUG] httpcore.http11: response_closed.complete
2025-12-11 17:50:23,404 [DEBUG] httpcore.connection: close.started
2025-12-11 17:50:23,404 [DEBUG] httpcore.connection: close.complete
2025-12-11 17:50:42,578 [INFO] utils.lan_transfer.discovery: [Discovery] Device found: service_name=aiperf-u1000-MacBook-Pro-2.local-192-168-0-154._aiperf-transfer._tcp.local., user_id=u1000, ip=192.168.0.154, name=CC
2025-12-11 17:50:42,579 [INFO] utils.lan_transfer.discovery: [Discovery] Adding new device: service_name=aiperf-u1000-MacBook-Pro-2.local-192-168-0-154._aiperf-transfer._tcp.local., user_id=u1000, ip=192.168.0.154
2025-12-11 17:50:42,580 [INFO] utils.lan_transfer.discovery: [Discovery] Calling _on_device_added callback for: user_id=u1000, ip=192.168.0.154
2025-12-11 17:50:42,580 [INFO] utils.lan_transfer.manager: [TransferManager] Device discovered: CC (192.168.0.154:8765) user_id=u1000, current_user_id=u1022, local_ip=192.168.0.128
2025-12-11 17:50:42,580 [INFO] utils.lan_transfer.discovery: 发现设备: CC (192.168.0.154:8765)
2025-12-11 17:50:47,697 [DEBUG] httpcore.connection: connect_tcp.started host='api-perf.sanying.site' port=443 local_address=None timeout=10 socket_options=None
2025-12-11 17:50:48,723 [DEBUG] httpcore.connection: connect_tcp.complete return_value=<httpcore._backends.sync.SyncStream object at 0x32aff2b60>
2025-12-11 17:50:48,723 [DEBUG] httpcore.connection: start_tls.started ssl_context=<ssl.SSLContext object at 0x32c1570c0> server_hostname='api-perf.sanying.site' timeout=10
2025-12-11 17:50:49,103 [DEBUG] httpcore.connection: start_tls.complete return_value=<httpcore._backends.sync.SyncStream object at 0x32aff29e0>
2025-12-11 17:50:49,104 [DEBUG] httpcore.http11: send_request_headers.started request=<Request [b'GET']>
2025-12-11 17:50:49,104 [DEBUG] httpcore.http11: send_request_headers.complete
2025-12-11 17:50:49,104 [DEBUG] httpcore.http11: send_request_body.started request=<Request [b'GET']>
2025-12-11 17:50:49,104 [DEBUG] httpcore.http11: send_request_body.complete
2025-12-11 17:50:49,104 [DEBUG] httpcore.http11: receive_response_headers.started request=<Request [b'GET']>
2025-12-11 17:50:49,316 [DEBUG] httpcore.http11: receive_response_headers.complete return_value=(b'HTTP/1.1', 200, b'OK', [(b'Date', b'Thu, 11 Dec 2025 09:50:49 GMT'), (b'Content-Type', b'application/json'), (b'Transfer-Encoding', b'chunked'), (b'Connection', b'keep-alive'), (b'Server', b'cloudflare'), (b'cf-cache-status', b'DYNAMIC'), (b'Nel', b'{"report_to":"cf-nel","success_fraction":0.0,"max_age":604800}'), (b'Report-To', b'{"group":"cf-nel","max_age":604800,"endpoints":[{"url":"https://a.nel.cloudflare.com/report/v4?s=sjh%2BLdHW39L%2B952TVAsJaE8gJ5skJ37KMI2ADb4nX%2Fg0cqeE3zqan7ui219oGmeEP8SNn3Tlb4KS3byoBaim0TJPAvAetq%2FxeHNozhvMtgmZOgEehQ%3D%3D"}]}'), (b'Content-Encoding', b'br'), (b'CF-RAY', b'9ac41475798534b7-AMS'), (b'alt-svc', b'h3=":443"; ma=86400')])
2025-12-11 17:50:49,317 [INFO] httpx: HTTP Request: GET https://api-perf.sanying.site/api/health "HTTP/1.1 200 OK"
2025-12-11 17:50:49,317 [DEBUG] httpcore.http11: receive_response_body.started request=<Request [b'GET']>
2025-12-11 17:50:49,318 [DEBUG] httpcore.http11: receive_response_body.complete
2025-12-11 17:50:49,318 [DEBUG] httpcore.http11: response_closed.started
2025-12-11 17:50:49,318 [DEBUG] httpcore.http11: response_closed.complete
2025-12-11 17:50:49,318 [DEBUG] httpcore.connection: close.started
2025-12-11 17:50:49,319 [DEBUG] httpcore.connection: close.complete
2025-12-11 17:51:17,697 [DEBUG] httpcore.connection: connect_tcp.started host='api-perf.sanying.site' port=443 local_address=None timeout=10 socket_options=None
2025-12-11 17:51:17,698 [DEBUG] httpcore.connection: connect_tcp.started host='api-perf.sanying.site' port=443 local_address=None timeout=10 socket_options=None
2025-12-11 17:51:17,712 [DEBUG] httpcore.connection: connect_tcp.complete return_value=<httpcore._backends.sync.SyncStream object at 0x32b01a350>
2025-12-11 17:51:17,712 [DEBUG] httpcore.connection: connect_tcp.complete return_value=<httpcore._backends.sync.SyncStream object at 0x32b0195d0>
2025-12-11 17:51:17,712 [DEBUG] httpcore.connection: start_tls.started ssl_context=<ssl.SSLContext object at 0x32c1575c0> server_hostname='api-perf.sanying.site' timeout=10
2025-12-11 17:51:17,712 [DEBUG] httpcore.connection: start_tls.started ssl_context=<ssl.SSLContext object at 0x32c157c40> server_hostname='api-perf.sanying.site' timeout=10
2025-12-11 17:51:18,129 [DEBUG] httpcore.connection: start_tls.complete return_value=<httpcore._backends.sync.SyncStream object at 0x32b01a4d0>
2025-12-11 17:51:18,132 [DEBUG] httpcore.http11: send_request_headers.started request=<Request [b'GET']>
2025-12-11 17:51:18,133 [DEBUG] httpcore.http11: send_request_headers.complete
2025-12-11 17:51:18,134 [DEBUG] httpcore.http11: send_request_body.started request=<Request [b'GET']>
2025-12-11 17:51:18,134 [DEBUG] httpcore.http11: send_request_body.complete
2025-12-11 17:51:18,134 [DEBUG] httpcore.http11: receive_response_headers.started request=<Request [b'GET']>
2025-12-11 17:51:18,193 [DEBUG] httpcore.connection: start_tls.complete return_value=<httpcore._backends.sync.SyncStream object at 0x32b019e40>
2025-12-11 17:51:18,194 [DEBUG] httpcore.http11: send_request_headers.started request=<Request [b'GET']>
2025-12-11 17:51:18,195 [DEBUG] httpcore.http11: send_request_headers.complete
2025-12-11 17:51:18,195 [DEBUG] httpcore.http11: send_request_body.started request=<Request [b'GET']>
2025-12-11 17:51:18,195 [DEBUG] httpcore.http11: send_request_body.complete
2025-12-11 17:51:18,195 [DEBUG] httpcore.http11: receive_response_headers.started request=<Request [b'GET']>
2025-12-11 17:51:18,390 [DEBUG] httpcore.http11: receive_response_headers.complete return_value=(b'HTTP/1.1', 200, b'OK', [(b'Date', b'Thu, 11 Dec 2025 09:51:18 GMT'), (b'Content-Type', b'application/json'), (b'Transfer-Encoding', b'chunked'), (b'Connection', b'keep-alive'), (b'Server', b'cloudflare'), (b'cf-cache-status', b'DYNAMIC'), (b'Nel', b'{"report_to":"cf-nel","success_fraction":0.0,"max_age":604800}'), (b'Report-To', b'{"group":"cf-nel","max_age":604800,"endpoints":[{"url":"https://a.nel.cloudflare.com/report/v4?s=ykh07wq%2BWIWas%2F6QimccfWKJ4lMEmSKZO3rxJtpzChFfFQOIszaDNoW6NkFe7wCkoD5uS%2Bsy8bup0Whe8xn%2FgzPeC36yXAlnNJ3sZqilh21Q2bulDw%3D%3D"}]}'), (b'Content-Encoding', b'br'), (b'CF-RAY', b'9ac4152b0fd3b8e1-AMS'), (b'alt-svc', b'h3=":443"; ma=86400')])
2025-12-11 17:51:18,391 [INFO] httpx: HTTP Request: GET https://api-perf.sanying.site/api/health "HTTP/1.1 200 OK"
2025-12-11 17:51:18,391 [DEBUG] httpcore.http11: receive_response_body.started request=<Request [b'GET']>
2025-12-11 17:51:18,391 [DEBUG] httpcore.http11: receive_response_body.complete
2025-12-11 17:51:18,391 [DEBUG] httpcore.http11: response_closed.started
2025-12-11 17:51:18,391 [DEBUG] httpcore.http11: response_closed.complete
2025-12-11 17:51:18,392 [DEBUG] httpcore.connection: close.started
2025-12-11 17:51:18,392 [DEBUG] httpcore.connection: close.complete
2025-12-11 17:51:18,462 [DEBUG] httpcore.http11: receive_response_headers.complete return_value=(b'HTTP/1.1', 200, b'OK', [(b'Date', b'Thu, 11 Dec 2025 09:51:18 GMT'), (b'Content-Type', b'application/json'), (b'Transfer-Encoding', b'chunked'), (b'Connection', b'keep-alive'), (b'Server', b'cloudflare'), (b'cf-cache-status', b'DYNAMIC'), (b'Nel', b'{"report_to":"cf-nel","success_fraction":0.0,"max_age":604800}'), (b'Report-To', b'{"group":"cf-nel","max_age":604800,"endpoints":[{"url":"https://a.nel.cloudflare.com/report/v4?s=sJaPZvuLoopbGpfILPpMDM%2BgX3dyiajXtDAKOW1KaiNlPNxEruFu9DAH2MTzsNV0jP%2FwE65LZxtNhi%2Bx%2BbIghlmXN7axxYBDHpty7mxe1aHEbR9UOw%3D%3D"}]}'), (b'Content-Encoding', b'br'), (b'CF-RAY', b'9ac4152b99056618-AMS'), (b'alt-svc', b'h3=":443"; ma=86400')])
2025-12-11 17:51:18,462 [INFO] httpx: HTTP Request: GET https://api-perf.sanying.site/api/health?current_version=1.1.0 "HTTP/1.1 200 OK"
2025-12-11 17:51:18,462 [DEBUG] httpcore.http11: receive_response_body.started request=<Request [b'GET']>
2025-12-11 17:51:18,464 [DEBUG] httpcore.http11: receive_response_body.complete
2025-12-11 17:51:18,464 [DEBUG] httpcore.http11: response_closed.started
2025-12-11 17:51:18,464 [DEBUG] httpcore.http11: response_closed.complete
2025-12-11 17:51:18,464 [DEBUG] httpcore.connection: close.started
2025-12-11 17:51:18,464 [DEBUG] httpcore.connection: close.complete
2025-12-11 17:51:21,694 [DEBUG] httpcore.connection: connect_tcp.started host='api-perf.sanying.site' port=443 local_address=None timeout=15 socket_options=None
2025-12-11 17:51:21,705 [DEBUG] httpcore.connection: connect_tcp.complete return_value=<httpcore._backends.sync.SyncStream object at 0x32b0188b0>
2025-12-11 17:51:21,705 [DEBUG] httpcore.connection: start_tls.started ssl_context=<ssl.SSLContext object at 0x32c156a40> server_hostname='api-perf.sanying.site' timeout=15
2025-12-11 17:51:22,130 [DEBUG] httpcore.connection: start_tls.complete return_value=<httpcore._backends.sync.SyncStream object at 0x32b018880>
2025-12-11 17:51:22,131 [DEBUG] httpcore.http11: send_request_headers.started request=<Request [b'GET']>
2025-12-11 17:51:22,132 [DEBUG] httpcore.http11: send_request_headers.complete
2025-12-11 17:51:22,132 [DEBUG] httpcore.http11: send_request_body.started request=<Request [b'GET']>
2025-12-11 17:51:22,132 [DEBUG] httpcore.http11: send_request_body.complete
2025-12-11 17:51:22,133 [DEBUG] httpcore.http11: receive_response_headers.started request=<Request [b'GET']>
2025-12-11 17:51:22,405 [DEBUG] httpcore.http11: receive_response_headers.complete return_value=(b'HTTP/1.1', 200, b'OK', [(b'Date', b'Thu, 11 Dec 2025 09:51:22 GMT'), (b'Content-Type', b'application/json'), (b'Transfer-Encoding', b'chunked'), (b'Connection', b'keep-alive'), (b'Server', b'cloudflare'), (b'cf-cache-status', b'DYNAMIC'), (b'Nel', b'{"report_to":"cf-nel","success_fraction":0.0,"max_age":604800}'), (b'Report-To', b'{"group":"cf-nel","max_age":604800,"endpoints":[{"url":"https://a.nel.cloudflare.com/report/v4?s=r3mbsq1XW%2BVsKDgmQuGr9Gtm3%2BWh%2F7RkaGUmMWT%2BzvVd4%2B5zKPCChAooBpEKNs8dnsEURwbCyaxEQi%2BsmNSr%2BLYIhj6ZmvMPniY9VhAc0OdBb9tKug%3D%3D"}]}'), (b'Content-Encoding', b'br'), (b'CF-RAY', b'9ac41543fe0c0b6e-AMS'), (b'alt-svc', b'h3=":443"; ma=86400')])
2025-12-11 17:51:22,406 [INFO] httpx: HTTP Request: GET https://api-perf.sanying.site/api/notifications?unread_only=true&limit=10 "HTTP/1.1 200 OK"
2025-12-11 17:51:22,407 [DEBUG] httpcore.http11: receive_response_body.started request=<Request [b'GET']>
2025-12-11 17:51:22,407 [DEBUG] httpcore.http11: receive_response_body.complete
2025-12-11 17:51:22,407 [DEBUG] httpcore.http11: response_closed.started
2025-12-11 17:51:22,407 [DEBUG] httpcore.http11: response_closed.complete
2025-12-11 17:51:22,407 [DEBUG] httpcore.connection: close.started
2025-12-11 17:51:22,408 [DEBUG] httpcore.connection: close.complete
2025-12-11 17:51:44,118 [INFO] utils.lan_transfer.discovery: [Discovery] Device found: service_name=aiperf-u1019-xiaozhangdeMacBook-Air.local-192-168-0-150._aiperf-transfer._tcp.local., user_id=u1019, ip=192.168.0.150, name=章志豪
2025-12-11 17:51:44,119 [INFO] utils.lan_transfer.discovery: [Discovery] Device already exists: user_id=u1019, ip=192.168.0.150, existing_service_name=aiperf-u1019-xiaozhangdeMacBook-Air.local-192-168-0-150._aiperf-transfer._tcp.local., new_service_name=aiperf-u1019-xiaozhangdeMacBook-Air.local-192-168-0-150._aiperf-transfer._tcp.local.
2025-12-11 17:51:44,119 [INFO] utils.lan_transfer.discovery: [Discovery] Calling _on_device_added callback for: user_id=u1019, ip=192.168.0.150
2025-12-11 17:51:44,119 [INFO] utils.lan_transfer.manager: [TransferManager] Device discovered: 章志豪 (192.168.0.150:8765) user_id=u1019, current_user_id=u1022, local_ip=192.168.0.128
2025-12-11 17:51:44,119 [INFO] utils.lan_transfer.discovery: 发现设备: 章志豪 (192.168.0.150:8765)
2025-12-11 17:51:47,695 [DEBUG] httpcore.connection: connect_tcp.started host='api-perf.sanying.site' port=443 local_address=None timeout=10 socket_options=None
2025-12-11 17:51:47,709 [DEBUG] httpcore.connection: connect_tcp.complete return_value=<httpcore._backends.sync.SyncStream object at 0x14ff0e800>
2025-12-11 17:51:47,710 [DEBUG] httpcore.connection: start_tls.started ssl_context=<ssl.SSLContext object at 0x32c1568c0> server_hostname='api-perf.sanying.site' timeout=10
2025-12-11 17:51:48,185 [DEBUG] httpcore.connection: start_tls.complete return_value=<httpcore._backends.sync.SyncStream object at 0x321f616f0>
2025-12-11 17:51:48,185 [DEBUG] httpcore.http11: send_request_headers.started request=<Request [b'GET']>
2025-12-11 17:51:48,185 [DEBUG] httpcore.http11: send_request_headers.complete
2025-12-11 17:51:48,185 [DEBUG] httpcore.http11: send_request_body.started request=<Request [b'GET']>
2025-12-11 17:51:48,185 [DEBUG] httpcore.http11: send_request_body.complete
2025-12-11 17:51:48,186 [DEBUG] httpcore.http11: receive_response_headers.started request=<Request [b'GET']>
2025-12-11 17:51:48,446 [DEBUG] httpcore.http11: receive_response_headers.complete return_value=(b'HTTP/1.1', 200, b'OK', [(b'Date', b'Thu, 11 Dec 2025 09:51:48 GMT'), (b'Content-Type', b'application/json'), (b'Transfer-Encoding', b'chunked'), (b'Connection', b'keep-alive'), (b'Server', b'cloudflare'), (b'cf-cache-status', b'DYNAMIC'), (b'Nel', b'{"report_to":"cf-nel","success_fraction":0.0,"max_age":604800}'), (b'Report-To', b'{"group":"cf-nel","max_age":604800,"endpoints":[{"url":"https://a.nel.cloudflare.com/report/v4?s=Nkosky9jWBxFLZS0G62719OVTvKMLoqEqAAYl6K7mrEAe3idTGfR1GwWu1LCTJVEZLWtPsqvo4yiZ8JqmUjaSZh95rtZ%2F4flS1hPyaubqCpkVYA%3D"}]}'), (b'Content-Encoding', b'br'), (b'CF-RAY', b'9ac415e6cbd6fba2-AMS'), (b'alt-svc', b'h3=":443"; ma=86400')])
2025-12-11 17:51:48,447 [INFO] httpx: HTTP Request: GET https://api-perf.sanying.site/api/health "HTTP/1.1 200 OK"
2025-12-11 17:51:48,448 [DEBUG] httpcore.http11: receive_response_body.started request=<Request [b'GET']>
2025-12-11 17:51:48,449 [DEBUG] httpcore.http11: receive_response_body.complete
2025-12-11 17:51:48,449 [DEBUG] httpcore.http11: response_closed.started
2025-12-11 17:51:48,449 [DEBUG] httpcore.http11: response_closed.complete
2025-12-11 17:51:48,451 [DEBUG] httpcore.connection: close.started
2025-12-11 17:51:48,452 [DEBUG] httpcore.connection: close.complete
2025-12-11 17:51:50,446 [INFO] utils.lan_transfer.discovery: 设备发现服务已停止
2025-12-11 17:51:50,774 [INFO] utils.lan_transfer.server: 文件传输服务器已停止
2025-12-11 17:51:50,774 [INFO] utils.lan_transfer.manager: 文件传输管理器已停止
2025-12-11 17:51:50,776 [INFO] crash_logger: 应用退出，退出码: 0
2025-12-11 17:51:50,777 [INFO] crash_logger: ================================================================================
2025-12-11 17:51:50,777 [INFO] crash_logger: 应用结束 - 2025-12-11 17:51:50
2025-12-11 17:51:50,777 [INFO] crash_logger: ================================================================================
