2025-12-11 17:45:26,854 [INFO] crash_logger: ================================================================================
2025-12-11 17:45:26,854 [INFO] crash_logger: 应用启动 - 2025-12-11 17:45:26
2025-12-11 17:45:26,854 [INFO] crash_logger: Python 版本: 3.10.4 (main, Dec  9 2025, 05:13:55) [Clang 15.0.0 (clang-1500.3.9.4)]
2025-12-11 17:45:26,854 [INFO] crash_logger: 日志文件: /Users/tingting/Library/Application Support/ai-perf/logs/crash_20251211_174526.log
2025-12-11 17:45:26,854 [INFO] crash_logger: ================================================================================
2025-12-11 17:45:26,854 [INFO] crash_logger: 日志保留时长：1 小时
2025-12-11 17:45:26,854 [INFO] crash_logger: 初始化 QApplication...
2025-12-11 17:45:26,983 [INFO] crash_logger: QApplication 初始化成功
2025-12-11 17:45:26,983 [INFO] crash_logger: 应用主题...
2025-12-11 17:45:26,996 [INFO] crash_logger: 主题应用成功
2025-12-11 17:45:26,996 [INFO] crash_logger: 创建主窗口...
2025-12-11 17:45:27,166 [DEBUG] httpcore.connection: connect_tcp.started host='api-perf.sanying.site' port=443 local_address=None timeout=15 socket_options=None
2025-12-11 17:45:27,166 [DEBUG] httpcore.connection: connect_tcp.started host='api-perf.sanying.site' port=443 local_address=None timeout=15 socket_options=None
2025-12-11 17:45:27,250 [DEBUG] httpcore.connection: connect_tcp.complete return_value=<httpcore._backends.sync.SyncStream object at 0x16e515480>
2025-12-11 17:45:27,250 [DEBUG] httpcore.connection: start_tls.started ssl_context=<ssl.SSLContext object at 0x10df8f940> server_hostname='api-perf.sanying.site' timeout=15
2025-12-11 17:45:27,308 [DEBUG] httpcore.connection: connect_tcp.started host='api-perf.sanying.site' port=443 local_address=None timeout=10 socket_options=None
2025-12-11 17:45:27,425 [WARNING] qt_logger: [Qt Warning] Populating font family aliases took 110 ms. Replace uses of missing font family "Microsoft YaHei" with one that exists to avoid this cost. 
2025-12-11 17:45:27,481 [DEBUG] httpcore.connection: connect_tcp.started host='api-perf.sanying.site' port=443 local_address=None timeout=15 socket_options=None
2025-12-11 17:45:27,497 [INFO] crash_logger: 主窗口创建并显示成功
2025-12-11 17:45:27,497 [INFO] crash_logger: 启动应用主循环...
2025-12-11 17:45:27,570 [DEBUG] httpcore.connection: connect_tcp.started host='api-perf.sanying.site' port=443 local_address=None timeout=15 socket_options=None
2025-12-11 17:45:27,697 [DEBUG] httpcore.connection: connect_tcp.complete return_value=<httpcore._backends.sync.SyncStream object at 0x329bc1b70>
2025-12-11 17:45:27,697 [DEBUG] httpcore.connection: start_tls.started ssl_context=<ssl.SSLContext object at 0x10df8ed40> server_hostname='api-perf.sanying.site' timeout=15
2025-12-11 17:45:28,066 [DEBUG] httpcore.connection: start_tls.complete return_value=<httpcore._backends.sync.SyncStream object at 0x16e515150>
2025-12-11 17:45:28,067 [DEBUG] httpcore.http11: send_request_headers.started request=<Request [b'GET']>
2025-12-11 17:45:28,068 [DEBUG] httpcore.http11: send_request_headers.complete
2025-12-11 17:45:28,069 [DEBUG] httpcore.http11: send_request_body.started request=<Request [b'GET']>
2025-12-11 17:45:28,069 [DEBUG] httpcore.http11: send_request_body.complete
2025-12-11 17:45:28,069 [DEBUG] httpcore.http11: receive_response_headers.started request=<Request [b'GET']>
2025-12-11 17:45:28,198 [INFO] windows.airdrop_view: [AirDropView] initial layout: bg_top=230, list_top=10, bg_height=140, list_height=208, window_height=370
2025-12-11 17:45:28,198 [INFO] windows.airdrop_view: [AirDropView] devices_min_height set to 208
2025-12-11 17:45:28,206 [DEBUG] httpcore.connection: connect_tcp.started host='api-perf.sanying.site' port=443 local_address=None timeout=15 socket_options=None
2025-12-11 17:45:28,212 [DEBUG] httpcore.connection: connect_tcp.complete return_value=<httpcore._backends.sync.SyncStream object at 0x3331718d0>
2025-12-11 17:45:28,212 [DEBUG] httpcore.connection: start_tls.started ssl_context=<ssl.SSLContext object at 0x329bd4cc0> server_hostname='api-perf.sanying.site' timeout=15
2025-12-11 17:45:28,249 [DEBUG] httpcore.connection: connect_tcp.complete return_value=<httpcore._backends.sync.SyncStream object at 0x16e514b50>
2025-12-11 17:45:28,249 [DEBUG] httpcore.connection: start_tls.started ssl_context=<ssl.SSLContext object at 0x16e23e340> server_hostname='api-perf.sanying.site' timeout=15
2025-12-11 17:45:28,338 [DEBUG] httpcore.connection: start_tls.complete return_value=<httpcore._backends.sync.SyncStream object at 0x329bc1840>
2025-12-11 17:45:28,339 [DEBUG] httpcore.http11: send_request_headers.started request=<Request [b'GET']>
2025-12-11 17:45:28,339 [DEBUG] httpcore.http11: send_request_headers.complete
2025-12-11 17:45:28,339 [DEBUG] httpcore.http11: send_request_body.started request=<Request [b'GET']>
2025-12-11 17:45:28,339 [DEBUG] httpcore.http11: send_request_body.complete
2025-12-11 17:45:28,339 [DEBUG] httpcore.http11: receive_response_headers.started request=<Request [b'GET']>
2025-12-11 17:45:28,486 [DEBUG] httpcore.connection: connect_tcp.complete return_value=<httpcore._backends.sync.SyncStream object at 0x329bc0d30>
2025-12-11 17:45:28,487 [DEBUG] httpcore.connection: start_tls.started ssl_context=<ssl.SSLContext object at 0x10df8f140> server_hostname='api-perf.sanying.site' timeout=15
2025-12-11 17:45:28,503 [DEBUG] httpcore.connection: connect_tcp.started host='api-perf.sanying.site' port=443 local_address=None timeout=10 socket_options=None
2025-12-11 17:45:28,509 [DEBUG] httpcore.connection: connect_tcp.complete return_value=<httpcore._backends.sync.SyncStream object at 0x333172b30>
2025-12-11 17:45:28,509 [DEBUG] httpcore.connection: start_tls.started ssl_context=<ssl.SSLContext object at 0x3330fd440> server_hostname='api-perf.sanying.site' timeout=10
2025-12-11 17:45:28,567 [DEBUG] httpcore.http11: receive_response_headers.complete return_value=(b'HTTP/1.1', 200, b'OK', [(b'Date', b'Thu, 11 Dec 2025 09:45:28 GMT'), (b'Content-Type', b'application/json'), (b'Transfer-Encoding', b'chunked'), (b'Connection', b'keep-alive'), (b'Server', b'cloudflare'), (b'cf-cache-status', b'DYNAMIC'), (b'Nel', b'{"report_to":"cf-nel","success_fraction":0.0,"max_age":604800}'), (b'Report-To', b'{"group":"cf-nel","max_age":604800,"endpoints":[{"url":"https://a.nel.cloudflare.com/report/v4?s=%2BJjmda8HJYTqy6dxPsIEmeT6Oh6GJfn0Kiy054NEDpm%2BYtoo9615vQ7tDmB2FKlkQyjayTwUMMgOx32fHgMWCaTtJygJyL3zhsX3ka7IPNR3xF5E5w%3D%3D"}]}'), (b'Content-Encoding', b'br'), (b'CF-RAY', b'9ac40c9f18de3581-AMS'), (b'alt-svc', b'h3=":443"; ma=86400')])
2025-12-11 17:45:28,567 [INFO] httpx: HTTP Request: GET https://api-perf.sanying.site/api/latest_score "HTTP/1.1 200 OK"
2025-12-11 17:45:28,568 [DEBUG] httpcore.http11: receive_response_body.started request=<Request [b'GET']>
2025-12-11 17:45:28,568 [DEBUG] httpcore.http11: receive_response_body.complete
2025-12-11 17:45:28,568 [DEBUG] httpcore.http11: response_closed.started
2025-12-11 17:45:28,568 [DEBUG] httpcore.http11: response_closed.complete
2025-12-11 17:45:28,568 [DEBUG] httpcore.connection: close.started
2025-12-11 17:45:28,568 [DEBUG] httpcore.connection: close.complete
2025-12-11 17:45:28,580 [DEBUG] httpcore.connection: connect_tcp.started host='api-perf.sanying.site' port=443 local_address=None timeout=15 socket_options=None
2025-12-11 17:45:28,586 [DEBUG] httpcore.connection: connect_tcp.complete return_value=<httpcore._backends.sync.SyncStream object at 0x3331739d0>
2025-12-11 17:45:28,586 [DEBUG] httpcore.connection: start_tls.started ssl_context=<ssl.SSLContext object at 0x3330fd5c0> server_hostname='api-perf.sanying.site' timeout=15
2025-12-11 17:45:28,696 [DEBUG] httpcore.connection: start_tls.complete return_value=<httpcore._backends.sync.SyncStream object at 0x3331718a0>
2025-12-11 17:45:28,696 [DEBUG] httpcore.connection: start_tls.complete return_value=<httpcore._backends.sync.SyncStream object at 0x16e514820>
2025-12-11 17:45:28,696 [DEBUG] httpcore.http11: send_request_headers.started request=<Request [b'GET']>
2025-12-11 17:45:28,696 [DEBUG] httpcore.http11: send_request_headers.started request=<Request [b'GET']>
2025-12-11 17:45:28,697 [DEBUG] httpcore.http11: send_request_headers.complete
2025-12-11 17:45:28,697 [DEBUG] httpcore.http11: send_request_body.started request=<Request [b'GET']>
2025-12-11 17:45:28,697 [DEBUG] httpcore.http11: send_request_body.complete
2025-12-11 17:45:28,697 [DEBUG] httpcore.http11: receive_response_headers.started request=<Request [b'GET']>
2025-12-11 17:45:28,697 [DEBUG] httpcore.http11: send_request_headers.complete
2025-12-11 17:45:28,697 [DEBUG] httpcore.http11: send_request_body.started request=<Request [b'GET']>
2025-12-11 17:45:28,697 [DEBUG] httpcore.http11: send_request_body.complete
2025-12-11 17:45:28,697 [DEBUG] httpcore.http11: receive_response_headers.started request=<Request [b'GET']>
2025-12-11 17:45:28,746 [DEBUG] httpcore.http11: receive_response_headers.complete return_value=(b'HTTP/1.1', 200, b'OK', [(b'Date', b'Thu, 11 Dec 2025 09:45:28 GMT'), (b'Content-Type', b'application/json'), (b'Transfer-Encoding', b'chunked'), (b'Connection', b'keep-alive'), (b'Server', b'cloudflare'), (b'cf-cache-status', b'DYNAMIC'), (b'Nel', b'{"report_to":"cf-nel","success_fraction":0.0,"max_age":604800}'), (b'Report-To', b'{"group":"cf-nel","max_age":604800,"endpoints":[{"url":"https://a.nel.cloudflare.com/report/v4?s=STFlo%2FFHd%2B23aIuh%2BKQY6fDpKKlPug%2BZ4NPf5GPhsvmKzbv3nmcXSoRBM9horhebNx%2F%2B86n%2F3EDbRQ1VWswR3jD8GNaeOXXx9Ga7pLjK6Y5%2FFCOm6g%3D%3D"}]}'), (b'Content-Encoding', b'br'), (b'CF-RAY', b'9ac40ca0ced966f3-AMS'), (b'alt-svc', b'h3=":443"; ma=86400')])
2025-12-11 17:45:28,746 [INFO] httpx: HTTP Request: GET https://api-perf.sanying.site/api/ranking "HTTP/1.1 200 OK"
2025-12-11 17:45:28,746 [DEBUG] httpcore.http11: receive_response_body.started request=<Request [b'GET']>
2025-12-11 17:45:28,747 [DEBUG] httpcore.http11: receive_response_body.complete
2025-12-11 17:45:28,747 [DEBUG] httpcore.http11: response_closed.started
2025-12-11 17:45:28,747 [DEBUG] httpcore.http11: response_closed.complete
2025-12-11 17:45:28,747 [DEBUG] httpcore.connection: close.started
2025-12-11 17:45:28,747 [DEBUG] httpcore.connection: close.complete
2025-12-11 17:45:28,959 [DEBUG] httpcore.http11: receive_response_headers.complete return_value=(b'HTTP/1.1', 200, b'OK', [(b'Date', b'Thu, 11 Dec 2025 09:45:28 GMT'), (b'Content-Type', b'application/json'), (b'Transfer-Encoding', b'chunked'), (b'Connection', b'keep-alive'), (b'Server', b'cloudflare'), (b'cf-cache-status', b'DYNAMIC'), (b'Nel', b'{"report_to":"cf-nel","success_fraction":0.0,"max_age":604800}'), (b'Report-To', b'{"group":"cf-nel","max_age":604800,"endpoints":[{"url":"https://a.nel.cloudflare.com/report/v4?s=seztpRMQ1YekK%2Fql6zTlpsyjhx5EoimnVYSbbod%2BEPPicNZxqpvUjMUC%2BRawWvQZ49zpFD1ubA0Zg%2BLQMj5wkaIbcZo0WDJeTgrJuYkQJy5upydeEQ%3D%3D"}]}'), (b'Content-Encoding', b'br'), (b'CF-RAY', b'9ac40ca31cb73c32-AMS'), (b'alt-svc', b'h3=":443"; ma=86400')])
2025-12-11 17:45:28,960 [INFO] httpx: HTTP Request: GET https://api-perf.sanying.site/api/team_leader_info "HTTP/1.1 200 OK"
2025-12-11 17:45:28,960 [DEBUG] httpcore.http11: receive_response_body.started request=<Request [b'GET']>
2025-12-11 17:45:28,960 [DEBUG] httpcore.http11: receive_response_body.complete
2025-12-11 17:45:28,960 [DEBUG] httpcore.http11: response_closed.started
2025-12-11 17:45:28,961 [DEBUG] httpcore.http11: response_closed.complete
2025-12-11 17:45:28,961 [DEBUG] httpcore.connection: close.started
2025-12-11 17:45:28,961 [DEBUG] httpcore.connection: close.complete
2025-12-11 17:45:28,990 [DEBUG] httpcore.http11: receive_response_headers.complete return_value=(b'HTTP/1.1', 200, b'OK', [(b'Date', b'Thu, 11 Dec 2025 09:45:28 GMT'), (b'Content-Type', b'application/json'), (b'Transfer-Encoding', b'chunked'), (b'Connection', b'keep-alive'), (b'Server', b'cloudflare'), (b'cf-cache-status', b'DYNAMIC'), (b'Nel', b'{"report_to":"cf-nel","success_fraction":0.0,"max_age":604800}'), (b'Report-To', b'{"group":"cf-nel","max_age":604800,"endpoints":[{"url":"https://a.nel.cloudflare.com/report/v4?s=w1t0H%2BraYzfuhgZ6G%2FKZf1DMwP2EVDh%2F6lTGBwJ1eQNbP%2FsusPX8f6gLaG1dJ%2FmF%2B5XZ%2BdhEWeVPgNOb0eWwRPvXQJs6eg1ijhpRXOywJPqdsjX%2FqA%3D%3D"}]}'), (b'Content-Encoding', b'br'), (b'CF-RAY', b'9ac40ca33f7c96f9-AMS'), (b'alt-svc', b'h3=":443"; ma=86400')])
2025-12-11 17:45:28,991 [INFO] httpx: HTTP Request: GET https://api-perf.sanying.site/api/user_info "HTTP/1.1 200 OK"
2025-12-11 17:45:28,991 [DEBUG] httpcore.http11: receive_response_body.started request=<Request [b'GET']>
2025-12-11 17:45:28,993 [DEBUG] httpcore.http11: receive_response_body.complete
2025-12-11 17:45:28,993 [DEBUG] httpcore.http11: response_closed.started
2025-12-11 17:45:28,993 [DEBUG] httpcore.http11: response_closed.complete
2025-12-11 17:45:28,994 [DEBUG] httpcore.connection: close.started
2025-12-11 17:45:28,994 [DEBUG] httpcore.connection: close.complete
2025-12-11 17:45:29,012 [DEBUG] httpcore.connection: start_tls.complete return_value=<httpcore._backends.sync.SyncStream object at 0x329bc1600>
2025-12-11 17:45:29,013 [DEBUG] httpcore.http11: send_request_headers.started request=<Request [b'GET']>
2025-12-11 17:45:29,014 [DEBUG] httpcore.http11: send_request_headers.complete
2025-12-11 17:45:29,014 [DEBUG] httpcore.http11: send_request_body.started request=<Request [b'GET']>
2025-12-11 17:45:29,014 [DEBUG] httpcore.http11: send_request_body.complete
2025-12-11 17:45:29,014 [DEBUG] httpcore.http11: receive_response_headers.started request=<Request [b'GET']>
2025-12-11 17:45:29,024 [INFO] utils.lan_transfer.server: 文件传输服务器已启动，监听端口: 8765
2025-12-11 17:45:29,024 [INFO] utils.lan_transfer.manager: [TransferManager] Registering service: service_name=aiperf-u1022-TingtingdeMacBook-Air.local-192-168-0-128, user_id=u1022, ip=192.168.0.128, scope=all
2025-12-11 17:45:29,028 [DEBUG] asyncio: Using selector: KqueueSelector
2025-12-11 17:45:29,067 [DEBUG] httpcore.connection: start_tls.complete return_value=<httpcore._backends.sync.SyncStream object at 0x10f24f970>
2025-12-11 17:45:29,067 [DEBUG] httpcore.http11: send_request_headers.started request=<Request [b'GET']>
2025-12-11 17:45:29,067 [DEBUG] httpcore.http11: send_request_headers.complete
2025-12-11 17:45:29,067 [DEBUG] httpcore.http11: send_request_body.started request=<Request [b'GET']>
2025-12-11 17:45:29,067 [DEBUG] httpcore.http11: send_request_body.complete
2025-12-11 17:45:29,067 [DEBUG] httpcore.http11: receive_response_headers.started request=<Request [b'GET']>
2025-12-11 17:45:29,283 [DEBUG] httpcore.http11: receive_response_headers.complete return_value=(b'HTTP/1.1', 200, b'OK', [(b'Date', b'Thu, 11 Dec 2025 09:45:29 GMT'), (b'Content-Type', b'application/json'), (b'Transfer-Encoding', b'chunked'), (b'Connection', b'keep-alive'), (b'Server', b'cloudflare'), (b'cf-cache-status', b'DYNAMIC'), (b'Nel', b'{"report_to":"cf-nel","success_fraction":0.0,"max_age":604800}'), (b'Report-To', b'{"group":"cf-nel","max_age":604800,"endpoints":[{"url":"https://a.nel.cloudflare.com/report/v4?s=3I6Z9dYV%2FBN%2Bw53xTWdy%2F3zLh8hxCsnKzCFbwRFkJhKsDfg4jBfT67I4S%2BPaUtAfOzN32wK3us2eDN1RUBX8tWrqfVpCgdtPvWmTTvGUFiH10th63w%3D%3D"}]}'), (b'Content-Encoding', b'br'), (b'CF-RAY', b'9ac40ca52f14a018-AMS'), (b'alt-svc', b'h3=":443"; ma=86400')])
2025-12-11 17:45:29,283 [INFO] httpx: HTTP Request: GET https://api-perf.sanying.site/api/health?current_version=1.1.0 "HTTP/1.1 200 OK"
2025-12-11 17:45:29,283 [DEBUG] httpcore.http11: receive_response_body.started request=<Request [b'GET']>
2025-12-11 17:45:29,283 [DEBUG] httpcore.http11: receive_response_body.complete
2025-12-11 17:45:29,283 [DEBUG] httpcore.http11: response_closed.started
2025-12-11 17:45:29,283 [DEBUG] httpcore.http11: response_closed.complete
2025-12-11 17:45:29,284 [DEBUG] httpcore.connection: close.started
2025-12-11 17:45:29,284 [DEBUG] httpcore.connection: close.complete
2025-12-11 17:45:29,371 [DEBUG] httpcore.http11: receive_response_headers.complete return_value=(b'HTTP/1.1', 200, b'OK', [(b'Date', b'Thu, 11 Dec 2025 09:45:29 GMT'), (b'Content-Type', b'application/json'), (b'Transfer-Encoding', b'chunked'), (b'Connection', b'keep-alive'), (b'Server', b'cloudflare'), (b'cf-cache-status', b'DYNAMIC'), (b'Nel', b'{"report_to":"cf-nel","success_fraction":0.0,"max_age":604800}'), (b'Report-To', b'{"group":"cf-nel","max_age":604800,"endpoints":[{"url":"https://a.nel.cloudflare.com/report/v4?s=erC6lzTGr6V6Puzled34TvH8BCMNJTIYFvBavcxNQw736olEaCHLWVZwfcpdByQb5QsrlqDMN2TERKf0YXxUc%2FERIPlLNbXZLC%2Fz1WGPlLs2RU4V6w%3D%3D"}]}'), (b'Content-Encoding', b'br'), (b'CF-RAY', b'9ac40ca58e68c28a-AMS'), (b'alt-svc', b'h3=":443"; ma=86400')])
2025-12-11 17:45:29,371 [DEBUG] httpcore.connection: connect_tcp.complete return_value=<httpcore._backends.sync.SyncStream object at 0x16f86fc70>
2025-12-11 17:45:29,382 [INFO] httpx: HTTP Request: GET https://api-perf.sanying.site/api/review_status?date=2025-12-10 "HTTP/1.1 200 OK"
2025-12-11 17:45:29,382 [DEBUG] httpcore.connection: start_tls.started ssl_context=<ssl.SSLContext object at 0x16f69d640> server_hostname='api-perf.sanying.site' timeout=10
2025-12-11 17:45:29,382 [DEBUG] httpcore.http11: receive_response_body.started request=<Request [b'GET']>
2025-12-11 17:45:29,383 [DEBUG] httpcore.http11: receive_response_body.complete
2025-12-11 17:45:29,383 [DEBUG] httpcore.http11: response_closed.started
2025-12-11 17:45:29,383 [DEBUG] httpcore.http11: response_closed.complete
2025-12-11 17:45:29,383 [DEBUG] httpcore.connection: close.started
2025-12-11 17:45:29,383 [DEBUG] httpcore.connection: close.complete
2025-12-11 17:45:29,755 [DEBUG] httpcore.connection: start_tls.complete return_value=<httpcore._backends.sync.SyncStream object at 0x16f86f940>
2025-12-11 17:45:29,821 [DEBUG] httpcore.http11: send_request_headers.started request=<Request [b'GET']>
2025-12-11 17:45:29,955 [DEBUG] httpcore.http11: send_request_headers.complete
2025-12-11 17:45:30,022 [DEBUG] httpcore.connection: start_tls.complete return_value=<httpcore._backends.sync.SyncStream object at 0x329bc0a00>
2025-12-11 17:45:30,022 [DEBUG] httpcore.http11: send_request_body.started request=<Request [b'GET']>
2025-12-11 17:45:30,088 [DEBUG] httpcore.http11: send_request_headers.started request=<Request [b'GET']>
2025-12-11 17:45:30,154 [DEBUG] httpcore.http11: send_request_body.complete
2025-12-11 17:45:30,288 [DEBUG] httpcore.http11: receive_response_headers.started request=<Request [b'GET']>
2025-12-11 17:45:30,288 [DEBUG] httpcore.http11: send_request_headers.complete
2025-12-11 17:45:30,388 [DEBUG] httpcore.http11: send_request_body.started request=<Request [b'GET']>
2025-12-11 17:45:30,422 [DEBUG] httpcore.http11: send_request_body.complete
2025-12-11 17:45:30,422 [DEBUG] httpcore.http11: receive_response_headers.complete return_value=(b'HTTP/1.1', 200, b'OK', [(b'Date', b'Thu, 11 Dec 2025 09:45:30 GMT'), (b'Content-Type', b'application/json'), (b'Transfer-Encoding', b'chunked'), (b'Connection', b'keep-alive'), (b'Server', b'cloudflare'), (b'cf-cache-status', b'DYNAMIC'), (b'Nel', b'{"report_to":"cf-nel","success_fraction":0.0,"max_age":604800}'), (b'Report-To', b'{"group":"cf-nel","max_age":604800,"endpoints":[{"url":"https://a.nel.cloudflare.com/report/v4?s=6L0tk2U%2B0xBhCGilI4A72zu67njiPE8%2FzG0hvH33IXH4V3AK9x%2BjSw4gXRYRd6ji%2FW7vW9cbr8mDQPLok0SeZXnG%2BZcaT4FLfS8J%2F5saMAWyvPA%2F2A%3D%3D"}]}'), (b'Content-Encoding', b'br'), (b'CF-RAY', b'9ac40caaa8830b66-AMS'), (b'alt-svc', b'h3=":443"; ma=86400')])
2025-12-11 17:45:30,489 [DEBUG] httpcore.http11: receive_response_headers.started request=<Request [b'GET']>
2025-12-11 17:45:30,554 [INFO] httpx: HTTP Request: GET https://api-perf.sanying.site/api/health?current_version=1.1.0 "HTTP/1.1 200 OK"
2025-12-11 17:45:30,621 [DEBUG] httpcore.http11: receive_response_body.started request=<Request [b'GET']>
2025-12-11 17:45:30,655 [DEBUG] httpcore.http11: receive_response_headers.complete return_value=(b'HTTP/1.1', 200, b'OK', [(b'Date', b'Thu, 11 Dec 2025 09:45:30 GMT'), (b'Content-Type', b'application/json'), (b'Transfer-Encoding', b'chunked'), (b'Connection', b'keep-alive'), (b'Server', b'cloudflare'), (b'cf-cache-status', b'DYNAMIC'), (b'Nel', b'{"report_to":"cf-nel","success_fraction":0.0,"max_age":604800}'), (b'Report-To', b'{"group":"cf-nel","max_age":604800,"endpoints":[{"url":"https://a.nel.cloudflare.com/report/v4?s=QyrQf%2FPLLSH951h%2FXJRZGDsrSBcUqkVOdvV%2BO4gtb4IqeVzigNXK5FpmQV3A6MV2TnfON8rc8cPYX3t%2FQmOUUTP1rqTZElIwGvKKis1IEhVLx%2FB5Ew%3D%3D"}]}'), (b'Content-Encoding', b'br'), (b'CF-RAY', b'9ac40cacfbb3ba7d-AMS'), (b'alt-svc', b'h3=":443"; ma=86400')])
2025-12-11 17:45:30,755 [INFO] httpx: HTTP Request: GET https://api-perf.sanying.site/api/latest_score "HTTP/1.1 200 OK"
2025-12-11 17:45:30,788 [DEBUG] httpcore.http11: receive_response_body.complete
2025-12-11 17:45:30,821 [DEBUG] httpcore.http11: receive_response_body.started request=<Request [b'GET']>
2025-12-11 17:45:30,887 [DEBUG] httpcore.http11: response_closed.started
2025-12-11 17:45:31,056 [DEBUG] httpcore.http11: response_closed.complete
2025-12-11 17:45:31,122 [DEBUG] httpcore.http11: receive_response_body.complete
2025-12-11 17:45:31,188 [DEBUG] httpcore.connection: close.started
2025-12-11 17:45:31,222 [DEBUG] httpcore.http11: response_closed.started
2025-12-11 17:45:31,355 [DEBUG] httpcore.connection: close.complete
2025-12-11 17:45:31,389 [DEBUG] httpcore.http11: response_closed.complete
2025-12-11 17:45:31,519 [DEBUG] httpcore.connection: close.started
2025-12-11 17:45:31,578 [DEBUG] httpcore.connection: close.complete
2025-12-11 17:45:31,579 [DEBUG] asyncio: Using selector: KqueueSelector
2025-12-11 17:45:31,602 [INFO] utils.lan_transfer.discovery: 设备发现服务已启动
2025-12-11 17:45:31,602 [INFO] utils.lan_transfer.manager: 文件传输管理器已启动
2025-12-11 17:45:31,602 [WARNING] qt_logger: [Qt Warning] QObject::startTimer: Timers can only be used with threads started with QThread
2025-12-11 17:45:31,644 [INFO] utils.lan_transfer.discovery: [Discovery] Device found: service_name=aiperf-u1022-TingtingdeMacBook-Air.local-192-168-0-128._aiperf-transfer._tcp.local., user_id=u1022, ip=192.168.0.128, name=李婷婷
2025-12-11 17:45:31,644 [INFO] utils.lan_transfer.discovery: [Discovery] Adding new device: service_name=aiperf-u1022-TingtingdeMacBook-Air.local-192-168-0-128._aiperf-transfer._tcp.local., user_id=u1022, ip=192.168.0.128
2025-12-11 17:45:31,644 [INFO] utils.lan_transfer.discovery: [Discovery] Calling _on_device_added callback for: user_id=u1022, ip=192.168.0.128
2025-12-11 17:45:31,644 [DEBUG] httpcore.connection: connect_tcp.started host='api-perf.sanying.site' port=443 local_address=None timeout=10 socket_options=None
2025-12-11 17:45:31,644 [INFO] utils.lan_transfer.manager: [TransferManager] Ignoring self device: 李婷婷 (192.168.0.128) user_id=u1022
2025-12-11 17:45:31,644 [INFO] utils.lan_transfer.discovery: 发现设备: 李婷婷 (192.168.0.128:8765)
2025-12-11 17:45:31,650 [DEBUG] httpcore.connection: connect_tcp.complete return_value=<httpcore._backends.sync.SyncStream object at 0x333173430>
2025-12-11 17:45:31,650 [DEBUG] httpcore.connection: start_tls.started ssl_context=<ssl.SSLContext object at 0x335c20fc0> server_hostname='api-perf.sanying.site' timeout=10
2025-12-11 17:45:31,681 [DEBUG] httpcore.connection: connect_tcp.started host='api-perf.sanying.site' port=443 local_address=None timeout=15 socket_options=None
2025-12-11 17:45:31,684 [INFO] utils.lan_transfer.discovery: [Discovery] Device found: service_name=aiperf-u1002-PC-202303212326-192-168-0-151._aiperf-transfer._tcp.local., user_id=u1002, ip=192.168.0.151, name=左大双
2025-12-11 17:45:31,684 [INFO] utils.lan_transfer.discovery: [Discovery] Adding new device: service_name=aiperf-u1002-PC-202303212326-192-168-0-151._aiperf-transfer._tcp.local., user_id=u1002, ip=192.168.0.151
2025-12-11 17:45:31,684 [INFO] utils.lan_transfer.discovery: [Discovery] Calling _on_device_added callback for: user_id=u1002, ip=192.168.0.151
2025-12-11 17:45:31,684 [INFO] utils.lan_transfer.manager: [TransferManager] Device discovered: 左大双 (192.168.0.151:8765) user_id=u1002, current_user_id=u1022, local_ip=192.168.0.128
2025-12-11 17:45:31,684 [INFO] utils.lan_transfer.discovery: 发现设备: 左大双 (192.168.0.151:8765)
2025-12-11 17:45:31,689 [DEBUG] httpcore.connection: connect_tcp.complete return_value=<httpcore._backends.sync.SyncStream object at 0x16e5150c0>
2025-12-11 17:45:31,689 [DEBUG] httpcore.connection: start_tls.started ssl_context=<ssl.SSLContext object at 0x335c20dc0> server_hostname='api-perf.sanying.site' timeout=15
2025-12-11 17:45:31,690 [INFO] utils.lan_transfer.discovery: [Discovery] Device found: service_name=aiperf-u1019-xiaozhangdeMacBook-Air.local-192-168-0-150._aiperf-transfer._tcp.local., user_id=u1019, ip=192.168.0.150, name=章志豪
2025-12-11 17:45:31,690 [INFO] utils.lan_transfer.discovery: [Discovery] Adding new device: service_name=aiperf-u1019-xiaozhangdeMacBook-Air.local-192-168-0-150._aiperf-transfer._tcp.local., user_id=u1019, ip=192.168.0.150
2025-12-11 17:45:31,690 [INFO] utils.lan_transfer.discovery: [Discovery] Calling _on_device_added callback for: user_id=u1019, ip=192.168.0.150
2025-12-11 17:45:31,690 [INFO] utils.lan_transfer.manager: [TransferManager] Device discovered: 章志豪 (192.168.0.150:8765) user_id=u1019, current_user_id=u1022, local_ip=192.168.0.128
2025-12-11 17:45:31,690 [INFO] utils.lan_transfer.discovery: 发现设备: 章志豪 (192.168.0.150:8765)
2025-12-11 17:45:31,690 [INFO] utils.lan_transfer.discovery: [Discovery] Device found: service_name=aiperf-u1008-DESKTOP-4BVG6JG-192-168-0-141._aiperf-transfer._tcp.local., user_id=u1008, ip=192.168.0.141, name=杨彬
2025-12-11 17:45:31,690 [INFO] utils.lan_transfer.discovery: [Discovery] Adding new device: service_name=aiperf-u1008-DESKTOP-4BVG6JG-192-168-0-141._aiperf-transfer._tcp.local., user_id=u1008, ip=192.168.0.141
2025-12-11 17:45:31,690 [INFO] utils.lan_transfer.discovery: [Discovery] Calling _on_device_added callback for: user_id=u1008, ip=192.168.0.141
2025-12-11 17:45:31,690 [INFO] utils.lan_transfer.manager: [TransferManager] Device discovered: 杨彬 (192.168.0.141:8765) user_id=u1008, current_user_id=u1022, local_ip=192.168.0.128
2025-12-11 17:45:31,690 [INFO] utils.lan_transfer.discovery: 发现设备: 杨彬 (192.168.0.141:8765)
2025-12-11 17:45:32,206 [DEBUG] httpcore.connection: start_tls.complete return_value=<httpcore._backends.sync.SyncStream object at 0x333172440>
2025-12-11 17:45:32,206 [DEBUG] httpcore.connection: start_tls.complete return_value=<httpcore._backends.sync.SyncStream object at 0x333173610>
2025-12-11 17:45:32,207 [DEBUG] httpcore.http11: send_request_headers.started request=<Request [b'GET']>
2025-12-11 17:45:32,207 [DEBUG] httpcore.http11: send_request_headers.started request=<Request [b'GET']>
2025-12-11 17:45:32,207 [DEBUG] httpcore.http11: send_request_headers.complete
2025-12-11 17:45:32,207 [DEBUG] httpcore.http11: send_request_body.started request=<Request [b'GET']>
2025-12-11 17:45:32,207 [DEBUG] httpcore.http11: send_request_body.complete
2025-12-11 17:45:32,207 [DEBUG] httpcore.http11: receive_response_headers.started request=<Request [b'GET']>
2025-12-11 17:45:32,207 [DEBUG] httpcore.http11: send_request_headers.complete
2025-12-11 17:45:32,207 [DEBUG] httpcore.http11: send_request_body.started request=<Request [b'GET']>
2025-12-11 17:45:32,208 [DEBUG] httpcore.http11: send_request_body.complete
2025-12-11 17:45:32,208 [DEBUG] httpcore.http11: receive_response_headers.started request=<Request [b'GET']>
2025-12-11 17:45:32,487 [DEBUG] httpcore.http11: receive_response_headers.complete return_value=(b'HTTP/1.1', 200, b'OK', [(b'Date', b'Thu, 11 Dec 2025 09:45:32 GMT'), (b'Content-Type', b'application/json'), (b'Transfer-Encoding', b'chunked'), (b'Connection', b'keep-alive'), (b'Server', b'cloudflare'), (b'cf-cache-status', b'DYNAMIC'), (b'Nel', b'{"report_to":"cf-nel","success_fraction":0.0,"max_age":604800}'), (b'Report-To', b'{"group":"cf-nel","max_age":604800,"endpoints":[{"url":"https://a.nel.cloudflare.com/report/v4?s=Z6dwArIAICk%2BvmPgthOanpFJatXoY2rLaT33EZw0i8lebWJGFYeAc4NcL5B1iicxK7vDzt9KKzxRkb7t0FWtnw%2BMQTmG%2BCbHziAknUAQqeN3PISn%2FQ%3D%3D"}]}'), (b'Content-Encoding', b'br'), (b'CF-RAY', b'9ac40cb92c7edc45-AMS'), (b'alt-svc', b'h3=":443"; ma=86400')])
2025-12-11 17:45:32,488 [INFO] httpx: HTTP Request: GET https://api-perf.sanying.site/api/health "HTTP/1.1 200 OK"
2025-12-11 17:45:32,489 [DEBUG] httpcore.http11: receive_response_body.started request=<Request [b'GET']>
2025-12-11 17:45:32,489 [DEBUG] httpcore.http11: receive_response_body.complete
2025-12-11 17:45:32,489 [DEBUG] httpcore.http11: response_closed.started
2025-12-11 17:45:32,489 [DEBUG] httpcore.http11: response_closed.complete
2025-12-11 17:45:32,490 [DEBUG] httpcore.connection: close.started
2025-12-11 17:45:32,490 [DEBUG] httpcore.connection: close.complete
2025-12-11 17:45:32,505 [DEBUG] httpcore.http11: receive_response_headers.complete return_value=(b'HTTP/1.1', 200, b'OK', [(b'Date', b'Thu, 11 Dec 2025 09:45:32 GMT'), (b'Content-Type', b'application/json'), (b'Transfer-Encoding', b'chunked'), (b'Connection', b'keep-alive'), (b'Server', b'cloudflare'), (b'cf-cache-status', b'DYNAMIC'), (b'Nel', b'{"report_to":"cf-nel","success_fraction":0.0,"max_age":604800}'), (b'Report-To', b'{"group":"cf-nel","max_age":604800,"endpoints":[{"url":"https://a.nel.cloudflare.com/report/v4?s=pR3DAVk1dKtQLCvYrafx7RHGvPzhC%2FgsfbL%2Fux34T699uDFVcXGqImVU2MNZjVZ65gaIIS0iNFSb6sH%2BURvFIWDffa0WKXDaXKegahRXB34xtCZ8yA%3D%3D"}]}'), (b'Content-Encoding', b'br'), (b'CF-RAY', b'9ac40cb8ef6f6726-AMS'), (b'alt-svc', b'h3=":443"; ma=86400')])
2025-12-11 17:45:32,506 [INFO] httpx: HTTP Request: GET https://api-perf.sanying.site/api/notifications?unread_only=true&limit=10 "HTTP/1.1 200 OK"
2025-12-11 17:45:32,506 [DEBUG] httpcore.http11: receive_response_body.started request=<Request [b'GET']>
2025-12-11 17:45:32,507 [DEBUG] httpcore.http11: receive_response_body.complete
2025-12-11 17:45:32,507 [DEBUG] httpcore.http11: response_closed.started
2025-12-11 17:45:32,507 [DEBUG] httpcore.http11: response_closed.complete
2025-12-11 17:45:32,507 [DEBUG] httpcore.connection: close.started
2025-12-11 17:45:32,507 [DEBUG] httpcore.connection: close.complete
2025-12-11 17:45:36,471 [DEBUG] httpcore.connection: connect_tcp.started host='api-perf.sanying.site' port=443 local_address=None timeout=15 socket_options=None
2025-12-11 17:45:36,476 [DEBUG] httpcore.connection: connect_tcp.complete return_value=<httpcore._backends.sync.SyncStream object at 0x335c3d090>
2025-12-11 17:45:36,477 [DEBUG] httpcore.connection: start_tls.started ssl_context=<ssl.SSLContext object at 0x335c20d40> server_hostname='api-perf.sanying.site' timeout=15
2025-12-11 17:45:36,902 [DEBUG] httpcore.connection: start_tls.complete return_value=<httpcore._backends.sync.SyncStream object at 0x329c079a0>
2025-12-11 17:45:36,903 [DEBUG] httpcore.http11: send_request_headers.started request=<Request [b'GET']>
2025-12-11 17:45:36,904 [DEBUG] httpcore.http11: send_request_headers.complete
2025-12-11 17:45:36,904 [DEBUG] httpcore.http11: send_request_body.started request=<Request [b'GET']>
2025-12-11 17:45:36,904 [DEBUG] httpcore.http11: send_request_body.complete
2025-12-11 17:45:36,904 [DEBUG] httpcore.http11: receive_response_headers.started request=<Request [b'GET']>
2025-12-11 17:45:37,149 [DEBUG] httpcore.http11: receive_response_headers.complete return_value=(b'HTTP/1.1', 200, b'OK', [(b'Date', b'Thu, 11 Dec 2025 09:45:37 GMT'), (b'Content-Type', b'application/json'), (b'Transfer-Encoding', b'chunked'), (b'Connection', b'keep-alive'), (b'Server', b'cloudflare'), (b'cf-cache-status', b'DYNAMIC'), (b'Nel', b'{"report_to":"cf-nel","success_fraction":0.0,"max_age":604800}'), (b'Report-To', b'{"group":"cf-nel","max_age":604800,"endpoints":[{"url":"https://a.nel.cloudflare.com/report/v4?s=QJwc%2FUaJipBSaM24DEQaLEBYMwNEM92%2B0lfOvJGmXBofsHRGaqqARZrS%2BL0es2arw5eKkXoP3yxO8R3d9KCD0g08NxiN8c1OWI7xtUkv31qVUc0wKQ%3D%3D"}]}'), (b'Content-Encoding', b'br'), (b'CF-RAY', b'9ac40cd64f64bb09-AMS'), (b'alt-svc', b'h3=":443"; ma=86400')])
2025-12-11 17:45:37,150 [INFO] httpx: HTTP Request: GET https://api-perf.sanying.site/api/notifications?limit=30&offset=0 "HTTP/1.1 200 OK"
2025-12-11 17:45:37,151 [DEBUG] httpcore.http11: receive_response_body.started request=<Request [b'GET']>
2025-12-11 17:45:37,151 [DEBUG] httpcore.http11: receive_response_body.complete
2025-12-11 17:45:37,151 [DEBUG] httpcore.http11: response_closed.started
2025-12-11 17:45:37,151 [DEBUG] httpcore.http11: response_closed.complete
2025-12-11 17:45:37,151 [DEBUG] httpcore.connection: close.started
2025-12-11 17:45:37,152 [DEBUG] httpcore.connection: close.complete
2025-12-11 17:46:31,699 [DEBUG] httpcore.connection: connect_tcp.started host='api-perf.sanying.site' port=443 local_address=None timeout=10 socket_options=None
2025-12-11 17:46:31,704 [DEBUG] httpcore.connection: connect_tcp.started host='api-perf.sanying.site' port=443 local_address=None timeout=15 socket_options=None
2025-12-11 17:46:31,721 [DEBUG] httpcore.connection: connect_tcp.complete return_value=<httpcore._backends.sync.SyncStream object at 0x333171e40>
2025-12-11 17:46:31,721 [DEBUG] httpcore.connection: connect_tcp.complete return_value=<httpcore._backends.sync.SyncStream object at 0x3331725c0>
2025-12-11 17:46:31,721 [DEBUG] httpcore.connection: start_tls.started ssl_context=<ssl.SSLContext object at 0x3330ffec0> server_hostname='api-perf.sanying.site' timeout=10
2025-12-11 17:46:31,721 [DEBUG] httpcore.connection: start_tls.started ssl_context=<ssl.SSLContext object at 0x3330ffe40> server_hostname='api-perf.sanying.site' timeout=15
2025-12-11 17:46:32,315 [DEBUG] httpcore.connection: start_tls.complete return_value=<httpcore._backends.sync.SyncStream object at 0x16e515030>
2025-12-11 17:46:32,315 [DEBUG] httpcore.connection: start_tls.complete return_value=<httpcore._backends.sync.SyncStream object at 0x3331722c0>
2025-12-11 17:46:32,316 [DEBUG] httpcore.http11: send_request_headers.started request=<Request [b'GET']>
2025-12-11 17:46:32,316 [DEBUG] httpcore.http11: send_request_headers.started request=<Request [b'GET']>
2025-12-11 17:46:32,317 [DEBUG] httpcore.http11: send_request_headers.complete
2025-12-11 17:46:32,317 [DEBUG] httpcore.http11: send_request_body.started request=<Request [b'GET']>
2025-12-11 17:46:32,317 [DEBUG] httpcore.http11: send_request_headers.complete
2025-12-11 17:46:32,318 [DEBUG] httpcore.http11: send_request_body.complete
2025-12-11 17:46:32,318 [DEBUG] httpcore.http11: send_request_body.started request=<Request [b'GET']>
2025-12-11 17:46:32,318 [DEBUG] httpcore.http11: receive_response_headers.started request=<Request [b'GET']>
2025-12-11 17:46:32,318 [DEBUG] httpcore.http11: send_request_body.complete
2025-12-11 17:46:32,318 [DEBUG] httpcore.http11: receive_response_headers.started request=<Request [b'GET']>
2025-12-11 17:46:32,601 [DEBUG] httpcore.http11: receive_response_headers.complete return_value=(b'HTTP/1.1', 200, b'OK', [(b'Date', b'Thu, 11 Dec 2025 09:46:32 GMT'), (b'Content-Type', b'application/json'), (b'Transfer-Encoding', b'chunked'), (b'Connection', b'keep-alive'), (b'Server', b'cloudflare'), (b'cf-cache-status', b'DYNAMIC'), (b'Nel', b'{"report_to":"cf-nel","success_fraction":0.0,"max_age":604800}'), (b'Report-To', b'{"group":"cf-nel","max_age":604800,"endpoints":[{"url":"https://a.nel.cloudflare.com/report/v4?s=nQbcS6jIYD096VfToUJmBmhItbXxBBWnl0s9ptEOSvdkEhNnOY0Vd4NzYTjkBo5ljpEHYb92rW06fzeovJq6dEgpXtI%2B%2FW4MfpPFLR7%2BnFqoTOq7tg%3D%3D"}]}'), (b'Content-Encoding', b'br'), (b'CF-RAY', b'9ac40e30aa40ffef-AMS'), (b'alt-svc', b'h3=":443"; ma=86400')])
2025-12-11 17:46:32,603 [INFO] httpx: HTTP Request: GET https://api-perf.sanying.site/api/health?current_version=1.1.0 "HTTP/1.1 200 OK"
2025-12-11 17:46:32,603 [DEBUG] httpcore.http11: receive_response_body.started request=<Request [b'GET']>
2025-12-11 17:46:32,604 [DEBUG] httpcore.http11: receive_response_body.complete
2025-12-11 17:46:32,604 [DEBUG] httpcore.http11: response_closed.started
2025-12-11 17:46:32,604 [DEBUG] httpcore.http11: response_closed.complete
2025-12-11 17:46:32,604 [DEBUG] httpcore.connection: close.started
2025-12-11 17:46:32,604 [DEBUG] httpcore.connection: close.complete
2025-12-11 17:46:32,613 [DEBUG] httpcore.http11: receive_response_headers.complete return_value=(b'HTTP/1.1', 200, b'OK', [(b'Date', b'Thu, 11 Dec 2025 09:46:32 GMT'), (b'Content-Type', b'application/json'), (b'Transfer-Encoding', b'chunked'), (b'Connection', b'keep-alive'), (b'Server', b'cloudflare'), (b'cf-cache-status', b'DYNAMIC'), (b'Nel', b'{"report_to":"cf-nel","success_fraction":0.0,"max_age":604800}'), (b'Report-To', b'{"group":"cf-nel","max_age":604800,"endpoints":[{"url":"https://a.nel.cloudflare.com/report/v4?s=eqLLvMOKL8RgBTgxzc%2FgAPX830%2BXI8obllKIrzZQJ1rWISaBcN%2BrMEDLLipCBumqti0SNtNI209EYKwh4xgQLGilA8bEV3GUWZ0Jd06CtUvRZjMwZA%3D%3D"}]}'), (b'Content-Encoding', b'br'), (b'CF-RAY', b'9ac40e30cddb66c4-AMS'), (b'alt-svc', b'h3=":443"; ma=86400')])
2025-12-11 17:46:32,614 [INFO] httpx: HTTP Request: GET https://api-perf.sanying.site/api/notifications?unread_only=true&limit=10 "HTTP/1.1 200 OK"
2025-12-11 17:46:32,614 [DEBUG] httpcore.http11: receive_response_body.started request=<Request [b'GET']>
2025-12-11 17:46:32,615 [DEBUG] httpcore.http11: receive_response_body.complete
2025-12-11 17:46:32,615 [DEBUG] httpcore.http11: response_closed.started
2025-12-11 17:46:32,615 [DEBUG] httpcore.http11: response_closed.complete
2025-12-11 17:46:32,615 [DEBUG] httpcore.connection: close.started
2025-12-11 17:46:32,616 [DEBUG] httpcore.connection: close.complete
2025-12-11 17:47:31,704 [DEBUG] httpcore.connection: connect_tcp.started host='api-perf.sanying.site' port=443 local_address=None timeout=15 socket_options=None
2025-12-11 17:47:31,721 [DEBUG] httpcore.connection: connect_tcp.complete return_value=<httpcore._backends.sync.SyncStream object at 0x335c3c430>
2025-12-11 17:47:31,722 [DEBUG] httpcore.connection: start_tls.started ssl_context=<ssl.SSLContext object at 0x3330fe840> server_hostname='api-perf.sanying.site' timeout=15
2025-12-11 17:47:32,221 [DEBUG] httpcore.connection: start_tls.complete return_value=<httpcore._backends.sync.SyncStream object at 0x3331727d0>
2025-12-11 17:47:32,222 [DEBUG] httpcore.http11: send_request_headers.started request=<Request [b'GET']>
2025-12-11 17:47:32,223 [DEBUG] httpcore.http11: send_request_headers.complete
2025-12-11 17:47:32,223 [DEBUG] httpcore.http11: send_request_body.started request=<Request [b'GET']>
2025-12-11 17:47:32,223 [DEBUG] httpcore.http11: send_request_body.complete
2025-12-11 17:47:32,223 [DEBUG] httpcore.http11: receive_response_headers.started request=<Request [b'GET']>
2025-12-11 17:47:32,485 [DEBUG] httpcore.http11: receive_response_headers.complete return_value=(b'HTTP/1.1', 200, b'OK', [(b'Date', b'Thu, 11 Dec 2025 09:47:32 GMT'), (b'Content-Type', b'application/json'), (b'Transfer-Encoding', b'chunked'), (b'Connection', b'keep-alive'), (b'Server', b'cloudflare'), (b'cf-cache-status', b'DYNAMIC'), (b'Nel', b'{"report_to":"cf-nel","success_fraction":0.0,"max_age":604800}'), (b'Report-To', b'{"group":"cf-nel","max_age":604800,"endpoints":[{"url":"https://a.nel.cloudflare.com/report/v4?s=UV5%2Fm%2FEsWsgjGXgPOWU6tk9CDovpUGv76sh%2FFypCmGbxVk%2BG%2BZVYXIOiwnbs6HdDpJJ6gC2QgOacI%2FFVwMttNJ8fTpeiVWFGNobA3Z3qLWXnS9Iheg%3D%3D"}]}'), (b'Content-Encoding', b'br'), (b'CF-RAY', b'9ac40fa73bb41de3-AMS'), (b'alt-svc', b'h3=":443"; ma=86400')])
2025-12-11 17:47:32,486 [INFO] httpx: HTTP Request: GET https://api-perf.sanying.site/api/notifications?unread_only=true&limit=10 "HTTP/1.1 200 OK"
2025-12-11 17:47:32,487 [DEBUG] httpcore.http11: receive_response_body.started request=<Request [b'GET']>
2025-12-11 17:47:32,487 [DEBUG] httpcore.http11: receive_response_body.complete
2025-12-11 17:47:32,487 [DEBUG] httpcore.http11: response_closed.started
2025-12-11 17:47:32,487 [DEBUG] httpcore.http11: response_closed.complete
2025-12-11 17:47:32,488 [DEBUG] httpcore.connection: close.started
2025-12-11 17:47:32,488 [DEBUG] httpcore.connection: close.complete
2025-12-11 17:47:47,072 [INFO] utils.lan_transfer.discovery: 设备发现服务已停止
2025-12-11 17:47:47,481 [INFO] utils.lan_transfer.server: 文件传输服务器已停止
2025-12-11 17:47:47,481 [INFO] utils.lan_transfer.manager: 文件传输管理器已停止
2025-12-11 17:47:47,484 [INFO] crash_logger: 应用退出，退出码: 0
2025-12-11 17:47:47,484 [INFO] crash_logger: ================================================================================
2025-12-11 17:47:47,484 [INFO] crash_logger: 应用结束 - 2025-12-11 17:47:47
2025-12-11 17:47:47,485 [INFO] crash_logger: ================================================================================
